# JRE version: OpenJDK Runtime Environment (8.0_242-b01) (build 1.8.0_242-release-1644-b01)
# Java VM: OpenJDK 64-Bit Server VM (25.242-b01 mixed mode windows-amd64 compressed oops)
Heap:
 PSYoungGen      total 117760K, used 106187K [0x00000000e0000000, 0x00000000e8080000, 0x0000000100000000)
  eden space 104960K, 90% used [0x00000000e0000000,0x00000000e5d0b0a8,0x00000000e6680000)
  from space 12800K, 85% used [0x00000000e7380000,0x00000000e7e27dd8,0x00000000e8000000)
  to   space 13312K, 0% used [0x00000000e6680000,0x00000000e6680000,0x00000000e7380000)
 ParOldGen       total 95232K, used 13394K [0x00000000a0000000, 0x00000000a5d00000, 0x00000000e0000000)
  object space 95232K, 14% used [0x00000000a0000000,0x00000000a0d14ad0,0x00000000a5d00000)
 Metaspace       used 44051K, capacity 46216K, committed 46552K, reserved 1089536K
  class space    used 5925K, capacity 6348K, committed 6400K, reserved 1048576K
GC Heap History (10 events):
Event: 3.741 GC heap before
{Heap before GC invocations=6 (full 1):
 PSYoungGen      total 75776K, used 65024K [0x00000000e0000000, 0x00000000e5480000, 0x0000000100000000)
  eden space 65024K, 100% used [0x00000000e0000000,0x00000000e3f80000,0x00000000e3f80000)
  from space 10752K, 0% used [0x00000000e4a00000,0x00000000e4a00000,0x00000000e5480000)
  to   space 10752K, 0% used [0x00000000e3f80000,0x00000000e3f80000,0x00000000e4a00000)
 ParOldGen       total 95232K, used 7076K [0x00000000a0000000, 0x00000000a5d00000, 0x00000000e0000000)
  object space 95232K, 7% used [0x00000000a0000000,0x00000000a06e9388,0x00000000a5d00000)
 Metaspace       used 24566K, capacity 25570K, committed 25856K, reserved 1071104K
  class space    used 3497K, capacity 3767K, committed 3840K, reserved 1048576K
Event: 3.744 GC heap after
Heap after GC invocations=6 (full 1):
 PSYoungGen      total 75776K, used 5223K [0x00000000e0000000, 0x00000000e8000000, 0x0000000100000000)
  eden space 65024K, 0% used [0x00000000e0000000,0x00000000e0000000,0x00000000e3f80000)
  from space 10752K, 48% used [0x00000000e3f80000,0x00000000e4499f90,0x00000000e4a00000)
  to   space 12800K, 0% used [0x00000000e7380000,0x00000000e7380000,0x00000000e8000000)
 ParOldGen       total 95232K, used 7084K [0x00000000a0000000, 0x00000000a5d00000, 0x00000000e0000000)
  object space 95232K, 7% used [0x00000000a0000000,0x00000000a06eb388,0x00000000a5d00000)
 Metaspace       used 24566K, capacity 25570K, committed 25856K, reserved 1071104K
  class space    used 3497K, capacity 3767K, committed 3840K, reserved 1048576K
}
Event: 4.417 GC heap before
{Heap before GC invocations=7 (full 1):
 PSYoungGen      total 75776K, used 70247K [0x00000000e0000000, 0x00000000e8000000, 0x0000000100000000)
  eden space 65024K, 100% used [0x00000000e0000000,0x00000000e3f80000,0x00000000e3f80000)
  from space 10752K, 48% used [0x00000000e3f80000,0x00000000e4499f90,0x00000000e4a00000)
  to   space 12800K, 0% used [0x00000000e7380000,0x00000000e7380000,0x00000000e8000000)
 ParOldGen       total 95232K, used 7084K [0x00000000a0000000, 0x00000000a5d00000, 0x00000000e0000000)
  object space 95232K, 7% used [0x00000000a0000000,0x00000000a06eb388,0x00000000a5d00000)
 Metaspace       used 33104K, capacity 34296K, committed 34560K, reserved 1079296K
  class space    used 4458K, capacity 4775K, committed 4864K, reserved 1048576K
Event: 4.427 GC heap after
Heap after GC invocations=7 (full 1):
 PSYoungGen      total 117760K, used 9698K [0x00000000e0000000, 0x00000000e8080000, 0x0000000100000000)
  eden space 104960K, 0% used [0x00000000e0000000,0x00000000e0000000,0x00000000e6680000)
  from space 12800K, 75% used [0x00000000e7380000,0x00000000e7cf8a98,0x00000000e8000000)
  to   space 13312K, 0% used [0x00000000e6680000,0x00000000e6680000,0x00000000e7380000)
 ParOldGen       total 95232K, used 7092K [0x00000000a0000000, 0x00000000a5d00000, 0x00000000e0000000)
  object space 95232K, 7% used [0x00000000a0000000,0x00000000a06ed388,0x00000000a5d00000)
 Metaspace       used 33104K, capacity 34296K, committed 34560K, reserved 1079296K
  class space    used 4458K, capacity 4775K, committed 4864K, reserved 1048576K
}
Event: 4.614 GC heap before
{Heap before GC invocations=8 (full 1):
 PSYoungGen      total 117760K, used 26884K [0x00000000e0000000, 0x00000000e8080000, 0x0000000100000000)
  eden space 104960K, 16% used [0x00000000e0000000,0x00000000e10c85b8,0x00000000e6680000)
  from space 12800K, 75% used [0x00000000e7380000,0x00000000e7cf8a98,0x00000000e8000000)
  to   space 13312K, 0% used [0x00000000e6680000,0x00000000e6680000,0x00000000e7380000)
 ParOldGen       total 95232K, used 7092K [0x00000000a0000000, 0x00000000a5d00000, 0x00000000e0000000)
  object space 95232K, 7% used [0x00000000a0000000,0x00000000a06ed388,0x00000000a5d00000)
 Metaspace       used 34103K, capacity 35258K, committed 35416K, reserved 1079296K
  class space    used 4605K, capacity 4918K, committed 4992K, reserved 1048576K
Event: 4.621 GC heap after
Heap after GC invocations=8 (full 1):
 PSYoungGen      total 118272K, used 6914K [0x00000000e0000000, 0x00000000e8080000, 0x0000000100000000)
  eden space 104960K, 0% used [0x00000000e0000000,0x00000000e0000000,0x00000000e6680000)
  from space 13312K, 51% used [0x00000000e6680000,0x00000000e6d40838,0x00000000e7380000)
  to   space 12800K, 0% used [0x00000000e7380000,0x00000000e7380000,0x00000000e8000000)
 ParOldGen       total 95232K, used 7100K [0x00000000a0000000, 0x00000000a5d00000, 0x00000000e0000000)
  object space 95232K, 7% used [0x00000000a0000000,0x00000000a06ef388,0x00000000a5d00000)
 Metaspace       used 34103K, capacity 35258K, committed 35416K, reserved 1079296K
  class space    used 4605K, capacity 4918K, committed 4992K, reserved 1048576K
}
Event: 4.621 GC heap before
{Heap before GC invocations=9 (full 2):
 PSYoungGen      total 118272K, used 6914K [0x00000000e0000000, 0x00000000e8080000, 0x0000000100000000)
  eden space 104960K, 0% used [0x00000000e0000000,0x00000000e0000000,0x00000000e6680000)
  from space 13312K, 51% used [0x00000000e6680000,0x00000000e6d40838,0x00000000e7380000)
  to   space 12800K, 0% used [0x00000000e7380000,0x00000000e7380000,0x00000000e8000000)
 ParOldGen       total 95232K, used 7100K [0x00000000a0000000, 0x00000000a5d00000, 0x00000000e0000000)
  object space 95232K, 7% used [0x00000000a0000000,0x00000000a06ef388,0x00000000a5d00000)
 Metaspace       used 34103K, capacity 35258K, committed 35416K, reserved 1079296K
  class space    used 4605K, capacity 4918K, committed 4992K, reserved 1048576K
Event: 4.671 GC heap after
Heap after GC invocations=9 (full 2):
 PSYoungGen      total 118272K, used 0K [0x00000000e0000000, 0x00000000e8080000, 0x0000000100000000)
  eden space 104960K, 0% used [0x00000000e0000000,0x00000000e0000000,0x00000000e6680000)
  from space 13312K, 0% used [0x00000000e6680000,0x00000000e6680000,0x00000000e7380000)
  to   space 12800K, 0% used [0x00000000e7380000,0x00000000e7380000,0x00000000e8000000)
 ParOldGen       total 95232K, used 13386K [0x00000000a0000000, 0x00000000a5d00000, 0x00000000e0000000)
  object space 95232K, 14% used [0x00000000a0000000,0x00000000a0d12ad0,0x00000000a5d00000)
 Metaspace       used 34103K, capacity 35258K, committed 35416K, reserved 1079296K
  class space    used 4605K, capacity 4918K, committed 4992K, reserved 1048576K
}
Event: 6.257 GC heap before
{Heap before GC invocations=10 (full 2):
 PSYoungGen      total 118272K, used 104960K [0x00000000e0000000, 0x00000000e8080000, 0x0000000100000000)
  eden space 104960K, 100% used [0x00000000e0000000,0x00000000e6680000,0x00000000e6680000)
  from space 13312K, 0% used [0x00000000e6680000,0x00000000e6680000,0x00000000e7380000)
  to   space 12800K, 0% used [0x00000000e7380000,0x00000000e7380000,0x00000000e8000000)
 ParOldGen       total 95232K, used 13386K [0x00000000a0000000, 0x00000000a5d00000, 0x00000000e0000000)
  object space 95232K, 14% used [0x00000000a0000000,0x00000000a0d12ad0,0x00000000a5d00000)
 Metaspace       used 40264K, capacity 41812K, committed 42072K, reserved 1085440K
  class space    used 5388K, capacity 5738K, committed 5760K, reserved 1048576K
Event: 6.263 GC heap after
Heap after GC invocations=10 (full 2):
 PSYoungGen      total 117760K, used 10911K [0x00000000e0000000, 0x00000000e8080000, 0x0000000100000000)
  eden space 104960K, 0% used [0x00000000e0000000,0x00000000e0000000,0x00000000e6680000)
  from space 12800K, 85% used [0x00000000e7380000,0x00000000e7e27dd8,0x00000000e8000000)
  to   space 13312K, 0% used [0x00000000e6680000,0x00000000e6680000,0x00000000e7380000)
 ParOldGen       total 95232K, used 13394K [0x00000000a0000000, 0x00000000a5d00000, 0x00000000e0000000)
  object space 95232K, 14% used [0x00000000a0000000,0x00000000a0d14ad0,0x00000000a5d00000)
 Metaspace       used 40264K, capacity 41812K, committed 42072K, reserved 1085440K
  class space    used 5388K, capacity 5738K, committed 5760K, reserved 1048576K
}

