# JRE version: OpenJDK Runtime Environment (8.0_202-b03) (build 1.8.0_202-release-1483-b03)
# Java VM: OpenJDK 64-Bit Server VM (25.202-b03 mixed mode windows-amd64 compressed oops)
Heap:
 PSYoungGen      total 221696K, used 83582K [0x00000000e0000000, 0x00000000f0000000, 0x0000000100000000)
  eden space 185344K, 30% used [0x00000000e0000000,0x00000000e364e060,0x00000000eb500000)
  from space 36352K, 76% used [0x00000000edc80000,0x00000000ef7d1b90,0x00000000f0000000)
  to   space 38400K, 0% used [0x00000000eb500000,0x00000000eb500000,0x00000000eda80000)
 ParOldGen       total 280064K, used 59512K [0x00000000a0000000, 0x00000000b1180000, 0x00000000e0000000)
  object space 280064K, 21% used [0x00000000a0000000,0x00000000a3a1e190,0x00000000b1180000)
 Metaspace       used 80068K, capacity 83716K, committed 83968K, reserved 1122304K
  class space    used 10486K, capacity 11196K, committed 11264K, reserved 1048576K
GC Heap History (10 events):
Event: 11.405 GC heap before
{Heap before GC invocations=13 (full 3):
 PSYoungGen      total 140800K, used 124928K [0x00000000e0000000, 0x00000000ebf80000, 0x0000000100000000)
  eden space 124928K, 100% used [0x00000000e0000000,0x00000000e7a00000,0x00000000e7a00000)
  from space 15872K, 0% used [0x00000000e7a00000,0x00000000e7a00000,0x00000000e8980000)
  to   space 22016K, 0% used [0x00000000eaa00000,0x00000000eaa00000,0x00000000ebf80000)
 ParOldGen       total 280064K, used 39178K [0x00000000a0000000, 0x00000000b1180000, 0x00000000e0000000)
  object space 280064K, 13% used [0x00000000a0000000,0x00000000a2642840,0x00000000b1180000)
 Metaspace       used 63726K, capacity 65554K, committed 65792K, reserved 1105920K
  class space    used 8531K, capacity 8921K, committed 8960K, reserved 1048576K
Event: 11.432 GC heap after
Heap after GC invocations=13 (full 3):
 PSYoungGen      total 159744K, used 11127K [0x00000000e0000000, 0x00000000eb780000, 0x0000000100000000)
  eden space 145920K, 0% used [0x00000000e0000000,0x00000000e0000000,0x00000000e8e80000)
  from space 13824K, 80% used [0x00000000eaa00000,0x00000000eb4ddc98,0x00000000eb780000)
  to   space 20992K, 0% used [0x00000000e8e80000,0x00000000e8e80000,0x00000000ea300000)
 ParOldGen       total 280064K, used 39250K [0x00000000a0000000, 0x00000000b1180000, 0x00000000e0000000)
  object space 280064K, 14% used [0x00000000a0000000,0x00000000a2654850,0x00000000b1180000)
 Metaspace       used 63726K, capacity 65554K, committed 65792K, reserved 1105920K
  class space    used 8531K, capacity 8921K, committed 8960K, reserved 1048576K
}
Event: 12.475 GC heap before
{Heap before GC invocations=14 (full 3):
 PSYoungGen      total 159744K, used 157047K [0x00000000e0000000, 0x00000000eb780000, 0x0000000100000000)
  eden space 145920K, 100% used [0x00000000e0000000,0x00000000e8e80000,0x00000000e8e80000)
  from space 13824K, 80% used [0x00000000eaa00000,0x00000000eb4ddc98,0x00000000eb780000)
  to   space 20992K, 0% used [0x00000000e8e80000,0x00000000e8e80000,0x00000000ea300000)
 ParOldGen       total 280064K, used 39250K [0x00000000a0000000, 0x00000000b1180000, 0x00000000e0000000)
  object space 280064K, 14% used [0x00000000a0000000,0x00000000a2654850,0x00000000b1180000)
 Metaspace       used 65225K, capacity 67322K, committed 67712K, reserved 1107968K
  class space    used 8753K, capacity 9217K, committed 9344K, reserved 1048576K
Event: 12.501 GC heap after
Heap after GC invocations=14 (full 3):
 PSYoungGen      total 166912K, used 20960K [0x00000000e0000000, 0x00000000ed780000, 0x0000000100000000)
  eden space 145920K, 0% used [0x00000000e0000000,0x00000000e0000000,0x00000000e8e80000)
  from space 20992K, 99% used [0x00000000e8e80000,0x00000000ea2f8020,0x00000000ea300000)
  to   space 24064K, 0% used [0x00000000ec000000,0x00000000ec000000,0x00000000ed780000)
 ParOldGen       total 280064K, used 39956K [0x00000000a0000000, 0x00000000b1180000, 0x00000000e0000000)
  object space 280064K, 14% used [0x00000000a0000000,0x00000000a2705358,0x00000000b1180000)
 Metaspace       used 65225K, capacity 67322K, committed 67712K, reserved 1107968K
  class space    used 8753K, capacity 9217K, committed 9344K, reserved 1048576K
}
Event: 14.508 GC heap before
{Heap before GC invocations=15 (full 3):
 PSYoungGen      total 166912K, used 166880K [0x00000000e0000000, 0x00000000ed780000, 0x0000000100000000)
  eden space 145920K, 100% used [0x00000000e0000000,0x00000000e8e80000,0x00000000e8e80000)
  from space 20992K, 99% used [0x00000000e8e80000,0x00000000ea2f8020,0x00000000ea300000)
  to   space 24064K, 0% used [0x00000000ec000000,0x00000000ec000000,0x00000000ed780000)
 ParOldGen       total 280064K, used 39956K [0x00000000a0000000, 0x00000000b1180000, 0x00000000e0000000)
  object space 280064K, 14% used [0x00000000a0000000,0x00000000a2705358,0x00000000b1180000)
 Metaspace       used 71491K, capacity 74318K, committed 74496K, reserved 1114112K
  class space    used 9620K, capacity 10191K, committed 10240K, reserved 1048576K
Event: 14.536 GC heap after
Heap after GC invocations=15 (full 3):
 PSYoungGen      total 189952K, used 24037K [0x00000000e0000000, 0x00000000ee380000, 0x0000000100000000)
  eden space 165888K, 0% used [0x00000000e0000000,0x00000000e0000000,0x00000000ea200000)
  from space 24064K, 99% used [0x00000000ec000000,0x00000000ed7794e0,0x00000000ed780000)
  to   space 30720K, 0% used [0x00000000ea200000,0x00000000ea200000,0x00000000ec000000)
 ParOldGen       total 280064K, used 49717K [0x00000000a0000000, 0x00000000b1180000, 0x00000000e0000000)
  object space 280064K, 17% used [0x00000000a0000000,0x00000000a308d780,0x00000000b1180000)
 Metaspace       used 71491K, capacity 74318K, committed 74496K, reserved 1114112K
  class space    used 9620K, capacity 10191K, committed 10240K, reserved 1048576K
}
Event: 628.306 GC heap before
{Heap before GC invocations=16 (full 3):
 PSYoungGen      total 189952K, used 189925K [0x00000000e0000000, 0x00000000ee380000, 0x0000000100000000)
  eden space 165888K, 100% used [0x00000000e0000000,0x00000000ea200000,0x00000000ea200000)
  from space 24064K, 99% used [0x00000000ec000000,0x00000000ed7794e0,0x00000000ed780000)
  to   space 30720K, 0% used [0x00000000ea200000,0x00000000ea200000,0x00000000ec000000)
 ParOldGen       total 280064K, used 49717K [0x00000000a0000000, 0x00000000b1180000, 0x00000000e0000000)
  object space 280064K, 17% used [0x00000000a0000000,0x00000000a308d780,0x00000000b1180000)
 Metaspace       used 77566K, capacity 80880K, committed 81024K, reserved 1120256K
  class space    used 10184K, capacity 10831K, committed 10880K, reserved 1048576K
Event: 628.371 GC heap after
Heap after GC invocations=16 (full 3):
 PSYoungGen      total 196608K, used 30707K [0x00000000e0000000, 0x00000000f0000000, 0x0000000100000000)
  eden space 165888K, 0% used [0x00000000e0000000,0x00000000e0000000,0x00000000ea200000)
  from space 30720K, 99% used [0x00000000ea200000,0x00000000ebffcdf8,0x00000000ec000000)
  to   space 36352K, 0% used [0x00000000edc80000,0x00000000edc80000,0x00000000f0000000)
 ParOldGen       total 280064K, used 53302K [0x00000000a0000000, 0x00000000b1180000, 0x00000000e0000000)
  object space 280064K, 19% used [0x00000000a0000000,0x00000000a340d9c8,0x00000000b1180000)
 Metaspace       used 77566K, capacity 80880K, committed 81024K, reserved 1120256K
  class space    used 10184K, capacity 10831K, committed 10880K, reserved 1048576K
}
Event: 665.675 GC heap before
{Heap before GC invocations=17 (full 3):
 PSYoungGen      total 196608K, used 196595K [0x00000000e0000000, 0x00000000f0000000, 0x0000000100000000)
  eden space 165888K, 100% used [0x00000000e0000000,0x00000000ea200000,0x00000000ea200000)
  from space 30720K, 99% used [0x00000000ea200000,0x00000000ebffcdf8,0x00000000ec000000)
  to   space 36352K, 0% used [0x00000000edc80000,0x00000000edc80000,0x00000000f0000000)
 ParOldGen       total 280064K, used 53302K [0x00000000a0000000, 0x00000000b1180000, 0x00000000e0000000)
  object space 280064K, 19% used [0x00000000a0000000,0x00000000a340d9c8,0x00000000b1180000)
 Metaspace       used 79957K, capacity 83630K, committed 83712K, reserved 1122304K
  class space    used 10485K, capacity 11193K, committed 11264K, reserved 1048576K
Event: 665.704 GC heap after
Heap after GC invocations=17 (full 3):
 PSYoungGen      total 221696K, used 27974K [0x00000000e0000000, 0x00000000f0000000, 0x0000000100000000)
  eden space 185344K, 0% used [0x00000000e0000000,0x00000000e0000000,0x00000000eb500000)
  from space 36352K, 76% used [0x00000000edc80000,0x00000000ef7d1b90,0x00000000f0000000)
  to   space 38400K, 0% used [0x00000000eb500000,0x00000000eb500000,0x00000000eda80000)
 ParOldGen       total 280064K, used 59512K [0x00000000a0000000, 0x00000000b1180000, 0x00000000e0000000)
  object space 280064K, 21% used [0x00000000a0000000,0x00000000a3a1e190,0x00000000b1180000)
 Metaspace       used 79957K, capacity 83630K, committed 83712K, reserved 1122304K
  class space    used 10485K, capacity 11193K, committed 11264K, reserved 1048576K
}

