# JRE version: OpenJDK Runtime Environment (8.0_202-b03) (build 1.8.0_202-release-1483-b03)
# Java VM: OpenJDK 64-Bit Server VM (25.202-b03 mixed mode windows-amd64 compressed oops)
Heap:
 PSYoungGen      total 206336K, used 163222K [0x00000000e0000000, 0x00000000ee580000, 0x0000000100000000)
  eden space 188928K, 86% used [0x00000000e0000000,0x00000000e9f65a40,0x00000000eb880000)
  from space 17408K, 0% used [0x00000000ecd80000,0x00000000ecd80000,0x00000000ede80000)
  to   space 21504K, 0% used [0x00000000eb880000,0x00000000eb880000,0x00000000ecd80000)
 ParOldGen       total 281088K, used 37350K [0x00000000a0000000, 0x00000000b1280000, 0x00000000e0000000)
  object space 281088K, 13% used [0x00000000a0000000,0x00000000a2479a98,0x00000000b1280000)
 Metaspace       used 63453K, capacity 65744K, committed 66008K, reserved 1105920K
  class space    used 8550K, capacity 9059K, committed 9176K, reserved 1048576K
GC Heap History (10 events):
Event: 4.678 GC heap before
{Heap before GC invocations=7 (full 1):
 PSYoungGen      total 138240K, used 34645K [0x00000000e0000000, 0x00000000ea580000, 0x0000000100000000)
  eden space 127488K, 18% used [0x00000000e0000000,0x00000000e1757a70,0x00000000e7c80000)
  from space 10752K, 99% used [0x00000000e7c80000,0x00000000e86fdd08,0x00000000e8700000)
  to   space 14336K, 0% used [0x00000000e9780000,0x00000000e9780000,0x00000000ea580000)
 ParOldGen       total 115200K, used 12231K [0x00000000a0000000, 0x00000000a7080000, 0x00000000e0000000)
  object space 115200K, 10% used [0x00000000a0000000,0x00000000a0bf1db0,0x00000000a7080000)
 Metaspace       used 34605K, capacity 35370K, committed 35456K, reserved 1079296K
  class space    used 4745K, capacity 4950K, committed 4992K, reserved 1048576K
Event: 4.689 GC heap after
Heap after GC invocations=7 (full 1):
 PSYoungGen      total 156160K, used 9632K [0x00000000e0000000, 0x00000000edd80000, 0x0000000100000000)
  eden space 141824K, 0% used [0x00000000e0000000,0x00000000e0000000,0x00000000e8a80000)
  from space 14336K, 67% used [0x00000000e9780000,0x00000000ea0e8000,0x00000000ea580000)
  to   space 13312K, 0% used [0x00000000e8a80000,0x00000000e8a80000,0x00000000e9780000)
 ParOldGen       total 115200K, used 12239K [0x00000000a0000000, 0x00000000a7080000, 0x00000000e0000000)
  object space 115200K, 10% used [0x00000000a0000000,0x00000000a0bf3db0,0x00000000a7080000)
 Metaspace       used 34605K, capacity 35370K, committed 35456K, reserved 1079296K
  class space    used 4745K, capacity 4950K, committed 4992K, reserved 1048576K
}
Event: 4.689 GC heap before
{Heap before GC invocations=8 (full 2):
 PSYoungGen      total 156160K, used 9632K [0x00000000e0000000, 0x00000000edd80000, 0x0000000100000000)
  eden space 141824K, 0% used [0x00000000e0000000,0x00000000e0000000,0x00000000e8a80000)
  from space 14336K, 67% used [0x00000000e9780000,0x00000000ea0e8000,0x00000000ea580000)
  to   space 13312K, 0% used [0x00000000e8a80000,0x00000000e8a80000,0x00000000e9780000)
 ParOldGen       total 115200K, used 12239K [0x00000000a0000000, 0x00000000a7080000, 0x00000000e0000000)
  object space 115200K, 10% used [0x00000000a0000000,0x00000000a0bf3db0,0x00000000a7080000)
 Metaspace       used 34605K, capacity 35370K, committed 35456K, reserved 1079296K
  class space    used 4745K, capacity 4950K, committed 4992K, reserved 1048576K
Event: 4.775 GC heap after
Heap after GC invocations=8 (full 2):
 PSYoungGen      total 156160K, used 0K [0x00000000e0000000, 0x00000000edd80000, 0x0000000100000000)
  eden space 141824K, 0% used [0x00000000e0000000,0x00000000e0000000,0x00000000e8a80000)
  from space 14336K, 0% used [0x00000000e9780000,0x00000000e9780000,0x00000000ea580000)
  to   space 13312K, 0% used [0x00000000e8a80000,0x00000000e8a80000,0x00000000e9780000)
 ParOldGen       total 182784K, used 16616K [0x00000000a0000000, 0x00000000ab280000, 0x00000000e0000000)
  object space 182784K, 9% used [0x00000000a0000000,0x00000000a103a100,0x00000000ab280000)
 Metaspace       used 34594K, capacity 35334K, committed 35456K, reserved 1079296K
  class space    used 4742K, capacity 4944K, committed 4992K, reserved 1048576K
}
Event: 6.390 GC heap before
{Heap before GC invocations=9 (full 2):
 PSYoungGen      total 156160K, used 141824K [0x00000000e0000000, 0x00000000edd80000, 0x0000000100000000)
  eden space 141824K, 100% used [0x00000000e0000000,0x00000000e8a80000,0x00000000e8a80000)
  from space 14336K, 0% used [0x00000000e9780000,0x00000000e9780000,0x00000000ea580000)
  to   space 13312K, 0% used [0x00000000e8a80000,0x00000000e8a80000,0x00000000e9780000)
 ParOldGen       total 182784K, used 16616K [0x00000000a0000000, 0x00000000ab280000, 0x00000000e0000000)
  object space 182784K, 9% used [0x00000000a0000000,0x00000000a103a100,0x00000000ab280000)
 Metaspace       used 47321K, capacity 48504K, committed 48640K, reserved 1091584K
  class space    used 6326K, capacity 6639K, committed 6656K, reserved 1048576K
Event: 6.405 GC heap after
Heap after GC invocations=9 (full 2):
 PSYoungGen      total 155136K, used 13301K [0x00000000e0000000, 0x00000000ede80000, 0x0000000100000000)
  eden space 141824K, 0% used [0x00000000e0000000,0x00000000e0000000,0x00000000e8a80000)
  from space 13312K, 99% used [0x00000000e8a80000,0x00000000e977d600,0x00000000e9780000)
  to   space 17408K, 0% used [0x00000000ecd80000,0x00000000ecd80000,0x00000000ede80000)
 ParOldGen       total 182784K, used 21771K [0x00000000a0000000, 0x00000000ab280000, 0x00000000e0000000)
  object space 182784K, 11% used [0x00000000a0000000,0x00000000a1542e00,0x00000000ab280000)
 Metaspace       used 47321K, capacity 48504K, committed 48640K, reserved 1091584K
  class space    used 6326K, capacity 6639K, committed 6656K, reserved 1048576K
}
Event: 8.179 GC heap before
{Heap before GC invocations=10 (full 2):
 PSYoungGen      total 155136K, used 137968K [0x00000000e0000000, 0x00000000ede80000, 0x0000000100000000)
  eden space 141824K, 87% used [0x00000000e0000000,0x00000000e79beda0,0x00000000e8a80000)
  from space 13312K, 99% used [0x00000000e8a80000,0x00000000e977d600,0x00000000e9780000)
  to   space 17408K, 0% used [0x00000000ecd80000,0x00000000ecd80000,0x00000000ede80000)
 ParOldGen       total 182784K, used 21771K [0x00000000a0000000, 0x00000000ab280000, 0x00000000e0000000)
  object space 182784K, 11% used [0x00000000a0000000,0x00000000a1542e00,0x00000000ab280000)
 Metaspace       used 57456K, capacity 58982K, committed 59096K, reserved 1099776K
  class space    used 7701K, capacity 8084K, committed 8152K, reserved 1048576K
Event: 8.202 GC heap after
Heap after GC invocations=10 (full 2):
 PSYoungGen      total 206336K, used 17382K [0x00000000e0000000, 0x00000000ee580000, 0x0000000100000000)
  eden space 188928K, 0% used [0x00000000e0000000,0x00000000e0000000,0x00000000eb880000)
  from space 17408K, 99% used [0x00000000ecd80000,0x00000000ede79ba8,0x00000000ede80000)
  to   space 21504K, 0% used [0x00000000eb880000,0x00000000eb880000,0x00000000ecd80000)
 ParOldGen       total 182784K, used 26632K [0x00000000a0000000, 0x00000000ab280000, 0x00000000e0000000)
  object space 182784K, 14% used [0x00000000a0000000,0x00000000a1a021c0,0x00000000ab280000)
 Metaspace       used 57456K, capacity 58982K, committed 59096K, reserved 1099776K
  class space    used 7701K, capacity 8084K, committed 8152K, reserved 1048576K
}
Event: 8.202 GC heap before
{Heap before GC invocations=11 (full 3):
 PSYoungGen      total 206336K, used 17382K [0x00000000e0000000, 0x00000000ee580000, 0x0000000100000000)
  eden space 188928K, 0% used [0x00000000e0000000,0x00000000e0000000,0x00000000eb880000)
  from space 17408K, 99% used [0x00000000ecd80000,0x00000000ede79ba8,0x00000000ede80000)
  to   space 21504K, 0% used [0x00000000eb880000,0x00000000eb880000,0x00000000ecd80000)
 ParOldGen       total 182784K, used 26632K [0x00000000a0000000, 0x00000000ab280000, 0x00000000e0000000)
  object space 182784K, 14% used [0x00000000a0000000,0x00000000a1a021c0,0x00000000ab280000)
 Metaspace       used 57456K, capacity 58982K, committed 59096K, reserved 1099776K
  class space    used 7701K, capacity 8084K, committed 8152K, reserved 1048576K
Event: 8.470 GC heap after
Heap after GC invocations=11 (full 3):
 PSYoungGen      total 206336K, used 0K [0x00000000e0000000, 0x00000000ee580000, 0x0000000100000000)
  eden space 188928K, 0% used [0x00000000e0000000,0x00000000e0000000,0x00000000eb880000)
  from space 17408K, 0% used [0x00000000ecd80000,0x00000000ecd80000,0x00000000ede80000)
  to   space 21504K, 0% used [0x00000000eb880000,0x00000000eb880000,0x00000000ecd80000)
 ParOldGen       total 281088K, used 37350K [0x00000000a0000000, 0x00000000b1280000, 0x00000000e0000000)
  object space 281088K, 13% used [0x00000000a0000000,0x00000000a2479a98,0x00000000b1280000)
 Metaspace       used 57456K, capacity 58982K, committed 59096K, reserved 1099776K
  class space    used 7701K, capacity 8084K, committed 8152K, reserved 1048576K
}

