# JRE version: OpenJDK Runtime Environment (8.0_202-b03) (build 1.8.0_202-release-1483-b03)
# Java VM: OpenJDK 64-Bit Server VM (25.202-b03 mixed mode windows-amd64 compressed oops)
Heap:
 PSYoungGen      total 146944K, used 88937K [0x00000000e0000000, 0x00000000eaa80000, 0x0000000100000000)
  eden space 135680K, 57% used [0x00000000e0000000,0x00000000e4c05d28,0x00000000e8480000)
  from space 11264K, 98% used [0x00000000e9f80000,0x00000000eaa54aa0,0x00000000eaa80000)
  to   space 18944K, 0% used [0x00000000e8580000,0x00000000e8580000,0x00000000e9800000)
 ParOldGen       total 193536K, used 34656K [0x00000000a0000000, 0x00000000abd00000, 0x00000000e0000000)
  object space 193536K, 17% used [0x00000000a0000000,0x00000000a21d83c0,0x00000000abd00000)
 Metaspace       used 63926K, capacity 66146K, committed 66264K, reserved 1105920K
  class space    used 8592K, capacity 9066K, committed 9176K, reserved 1048576K
GC Heap History (10 events):
Event: 5.715 GC heap before
{Heap before GC invocations=9 (full 2):
 PSYoungGen      total 106496K, used 93696K [0x00000000e0000000, 0x00000000e7900000, 0x0000000100000000)
  eden space 93696K, 100% used [0x00000000e0000000,0x00000000e5b80000,0x00000000e5b80000)
  from space 12800K, 0% used [0x00000000e6880000,0x00000000e6880000,0x00000000e7500000)
  to   space 13312K, 0% used [0x00000000e5b80000,0x00000000e5b80000,0x00000000e6880000)
 ParOldGen       total 193536K, used 18168K [0x00000000a0000000, 0x00000000abd00000, 0x00000000e0000000)
  object space 193536K, 9% used [0x00000000a0000000,0x00000000a11be128,0x00000000abd00000)
 Metaspace       used 44081K, capacity 45090K, committed 45440K, reserved 1089536K
  class space    used 5938K, capacity 6191K, committed 6272K, reserved 1048576K
Event: 5.730 GC heap after
Heap after GC invocations=9 (full 2):
 PSYoungGen      total 107008K, used 12564K [0x00000000e0000000, 0x00000000e9300000, 0x0000000100000000)
  eden space 93696K, 0% used [0x00000000e0000000,0x00000000e0000000,0x00000000e5b80000)
  from space 13312K, 94% used [0x00000000e5b80000,0x00000000e67c5088,0x00000000e6880000)
  to   space 14336K, 0% used [0x00000000e8500000,0x00000000e8500000,0x00000000e9300000)
 ParOldGen       total 193536K, used 18176K [0x00000000a0000000, 0x00000000abd00000, 0x00000000e0000000)
  object space 193536K, 9% used [0x00000000a0000000,0x00000000a11c0128,0x00000000abd00000)
 Metaspace       used 44081K, capacity 45090K, committed 45440K, reserved 1089536K
  class space    used 5938K, capacity 6191K, committed 6272K, reserved 1048576K
}
Event: 6.642 GC heap before
{Heap before GC invocations=10 (full 2):
 PSYoungGen      total 107008K, used 106260K [0x00000000e0000000, 0x00000000e9300000, 0x0000000100000000)
  eden space 93696K, 100% used [0x00000000e0000000,0x00000000e5b80000,0x00000000e5b80000)
  from space 13312K, 94% used [0x00000000e5b80000,0x00000000e67c5088,0x00000000e6880000)
  to   space 14336K, 0% used [0x00000000e8500000,0x00000000e8500000,0x00000000e9300000)
 ParOldGen       total 193536K, used 18176K [0x00000000a0000000, 0x00000000abd00000, 0x00000000e0000000)
  object space 193536K, 9% used [0x00000000a0000000,0x00000000a11c0128,0x00000000abd00000)
 Metaspace       used 51180K, capacity 52544K, committed 52864K, reserved 1095680K
  class space    used 6861K, capacity 7205K, committed 7296K, reserved 1048576K
Event: 6.655 GC heap after
Heap after GC invocations=10 (full 2):
 PSYoungGen      total 133632K, used 14321K [0x00000000e0000000, 0x00000000e9880000, 0x0000000100000000)
  eden space 119296K, 0% used [0x00000000e0000000,0x00000000e0000000,0x00000000e7480000)
  from space 14336K, 99% used [0x00000000e8500000,0x00000000e92fc6b0,0x00000000e9300000)
  to   space 16896K, 0% used [0x00000000e7480000,0x00000000e7480000,0x00000000e8500000)
 ParOldGen       total 193536K, used 20694K [0x00000000a0000000, 0x00000000abd00000, 0x00000000e0000000)
  object space 193536K, 10% used [0x00000000a0000000,0x00000000a1435a40,0x00000000abd00000)
 Metaspace       used 51180K, capacity 52544K, committed 52864K, reserved 1095680K
  class space    used 6861K, capacity 7205K, committed 7296K, reserved 1048576K
}
Event: 7.454 GC heap before
{Heap before GC invocations=11 (full 2):
 PSYoungGen      total 133632K, used 90525K [0x00000000e0000000, 0x00000000e9880000, 0x0000000100000000)
  eden space 119296K, 63% used [0x00000000e0000000,0x00000000e4a6b0a0,0x00000000e7480000)
  from space 14336K, 99% used [0x00000000e8500000,0x00000000e92fc6b0,0x00000000e9300000)
  to   space 16896K, 0% used [0x00000000e7480000,0x00000000e7480000,0x00000000e8500000)
 ParOldGen       total 193536K, used 20694K [0x00000000a0000000, 0x00000000abd00000, 0x00000000e0000000)
  object space 193536K, 10% used [0x00000000a0000000,0x00000000a1435a40,0x00000000abd00000)
 Metaspace       used 57459K, capacity 58982K, committed 59096K, reserved 1099776K
  class space    used 7710K, capacity 8084K, committed 8152K, reserved 1048576K
Event: 7.469 GC heap after
Heap after GC invocations=11 (full 2):
 PSYoungGen      total 136192K, used 16878K [0x00000000e0000000, 0x00000000eb300000, 0x0000000100000000)
  eden space 119296K, 0% used [0x00000000e0000000,0x00000000e0000000,0x00000000e7480000)
  from space 16896K, 99% used [0x00000000e7480000,0x00000000e84fba78,0x00000000e8500000)
  to   space 19968K, 0% used [0x00000000e9f80000,0x00000000e9f80000,0x00000000eb300000)
 ParOldGen       total 193536K, used 23234K [0x00000000a0000000, 0x00000000abd00000, 0x00000000e0000000)
  object space 193536K, 12% used [0x00000000a0000000,0x00000000a16b0ad8,0x00000000abd00000)
 Metaspace       used 57459K, capacity 58982K, committed 59096K, reserved 1099776K
  class space    used 7710K, capacity 8084K, committed 8152K, reserved 1048576K
}
Event: 7.469 GC heap before
{Heap before GC invocations=12 (full 3):
 PSYoungGen      total 136192K, used 16878K [0x00000000e0000000, 0x00000000eb300000, 0x0000000100000000)
  eden space 119296K, 0% used [0x00000000e0000000,0x00000000e0000000,0x00000000e7480000)
  from space 16896K, 99% used [0x00000000e7480000,0x00000000e84fba78,0x00000000e8500000)
  to   space 19968K, 0% used [0x00000000e9f80000,0x00000000e9f80000,0x00000000eb300000)
 ParOldGen       total 193536K, used 23234K [0x00000000a0000000, 0x00000000abd00000, 0x00000000e0000000)
  object space 193536K, 12% used [0x00000000a0000000,0x00000000a16b0ad8,0x00000000abd00000)
 Metaspace       used 57459K, capacity 58982K, committed 59096K, reserved 1099776K
  class space    used 7710K, capacity 8084K, committed 8152K, reserved 1048576K
Event: 7.713 GC heap after
Heap after GC invocations=12 (full 3):
 PSYoungGen      total 136192K, used 0K [0x00000000e0000000, 0x00000000eb300000, 0x0000000100000000)
  eden space 119296K, 0% used [0x00000000e0000000,0x00000000e0000000,0x00000000e7480000)
  from space 16896K, 0% used [0x00000000e7480000,0x00000000e7480000,0x00000000e8500000)
  to   space 19968K, 0% used [0x00000000e9f80000,0x00000000e9f80000,0x00000000eb300000)
 ParOldGen       total 193536K, used 34648K [0x00000000a0000000, 0x00000000abd00000, 0x00000000e0000000)
  object space 193536K, 17% used [0x00000000a0000000,0x00000000a21d63c0,0x00000000abd00000)
 Metaspace       used 57459K, capacity 58982K, committed 59096K, reserved 1099776K
  class space    used 7710K, capacity 8084K, committed 8152K, reserved 1048576K
}
Event: 9.025 GC heap before
{Heap before GC invocations=13 (full 3):
 PSYoungGen      total 136192K, used 119296K [0x00000000e0000000, 0x00000000eb300000, 0x0000000100000000)
  eden space 119296K, 100% used [0x00000000e0000000,0x00000000e7480000,0x00000000e7480000)
  from space 16896K, 0% used [0x00000000e7480000,0x00000000e7480000,0x00000000e8500000)
  to   space 19968K, 0% used [0x00000000e9f80000,0x00000000e9f80000,0x00000000eb300000)
 ParOldGen       total 193536K, used 34648K [0x00000000a0000000, 0x00000000abd00000, 0x00000000e0000000)
  object space 193536K, 17% used [0x00000000a0000000,0x00000000a21d63c0,0x00000000abd00000)
 Metaspace       used 62343K, capacity 64608K, committed 64856K, reserved 1105920K
  class space    used 8440K, capacity 8921K, committed 9048K, reserved 1048576K
Event: 9.039 GC heap after
Heap after GC invocations=13 (full 3):
 PSYoungGen      total 146944K, used 11090K [0x00000000e0000000, 0x00000000eaa80000, 0x0000000100000000)
  eden space 135680K, 0% used [0x00000000e0000000,0x00000000e0000000,0x00000000e8480000)
  from space 11264K, 98% used [0x00000000e9f80000,0x00000000eaa54aa0,0x00000000eaa80000)
  to   space 18944K, 0% used [0x00000000e8580000,0x00000000e8580000,0x00000000e9800000)
 ParOldGen       total 193536K, used 34656K [0x00000000a0000000, 0x00000000abd00000, 0x00000000e0000000)
  object space 193536K, 17% used [0x00000000a0000000,0x00000000a21d83c0,0x00000000abd00000)
 Metaspace       used 62343K, capacity 64608K, committed 64856K, reserved 1105920K
  class space    used 8440K, capacity 8921K, committed 9048K, reserved 1048576K
}

