# JRE version: OpenJDK Runtime Environment (8.0_202-b03) (build 1.8.0_202-release-1483-b03)
# Java VM: OpenJDK 64-Bit Server VM (25.202-b03 mixed mode windows-amd64 compressed oops)
Heap:
 PSYoungGen      total 174592K, used 46498K [0x00000000e0000000, 0x00000000ed200000, 0x0000000100000000)
  eden space 146432K, 12% used [0x00000000e0000000,0x00000000e11f0338,0x00000000e8f00000)
  from space 28160K, 99% used [0x00000000e8f00000,0x00000000eaa784e0,0x00000000eaa80000)
  to   space 23552K, 0% used [0x00000000eaa80000,0x00000000eaa80000,0x00000000ec180000)
 ParOldGen       total 289792K, used 54030K [0x00000000a0000000, 0x00000000b1b00000, 0x00000000e0000000)
  object space 289792K, 18% used [0x00000000a0000000,0x00000000a34c3a70,0x00000000b1b00000)
 Metaspace       used 76524K, capacity 80058K, committed 80216K, reserved 1118208K
  class space    used 10123K, capacity 10796K, committed 10840K, reserved 1048576K
GC Heap History (10 events):
Event: 28.444 GC heap before
{Heap before GC invocations=14 (full 3):
 PSYoungGen      total 147456K, used 147345K [0x00000000e0000000, 0x00000000ead00000, 0x0000000100000000)
  eden space 135680K, 100% used [0x00000000e0000000,0x00000000e8480000,0x00000000e8480000)
  from space 11776K, 99% used [0x00000000ea180000,0x00000000eace44b8,0x00000000ead00000)
  to   space 19456K, 0% used [0x00000000e8700000,0x00000000e8700000,0x00000000e9a00000)
 ParOldGen       total 289792K, used 34668K [0x00000000a0000000, 0x00000000b1b00000, 0x00000000e0000000)
  object space 289792K, 11% used [0x00000000a0000000,0x00000000a21db1b0,0x00000000b1b00000)
 Metaspace       used 69444K, capacity 71866K, committed 72152K, reserved 1112064K
  class space    used 9180K, capacity 9675K, committed 9688K, reserved 1048576K
Event: 28.461 GC heap after
Heap after GC invocations=14 (full 3):
 PSYoungGen      total 155136K, used 19436K [0x00000000e0000000, 0x00000000ead00000, 0x0000000100000000)
  eden space 135680K, 0% used [0x00000000e0000000,0x00000000e0000000,0x00000000e8480000)
  from space 19456K, 99% used [0x00000000e8700000,0x00000000e99fb100,0x00000000e9a00000)
  to   space 11776K, 0% used [0x00000000ea180000,0x00000000ea180000,0x00000000ead00000)
 ParOldGen       total 289792K, used 37204K [0x00000000a0000000, 0x00000000b1b00000, 0x00000000e0000000)
  object space 289792K, 12% used [0x00000000a0000000,0x00000000a24551c0,0x00000000b1b00000)
 Metaspace       used 69444K, capacity 71866K, committed 72152K, reserved 1112064K
  class space    used 9180K, capacity 9675K, committed 9688K, reserved 1048576K
}
Event: 38.807 GC heap before
{Heap before GC invocations=15 (full 3):
 PSYoungGen      total 155136K, used 155116K [0x00000000e0000000, 0x00000000ead00000, 0x0000000100000000)
  eden space 135680K, 100% used [0x00000000e0000000,0x00000000e8480000,0x00000000e8480000)
  from space 19456K, 99% used [0x00000000e8700000,0x00000000e99fb100,0x00000000e9a00000)
  to   space 11776K, 0% used [0x00000000ea180000,0x00000000ea180000,0x00000000ead00000)
 ParOldGen       total 289792K, used 37204K [0x00000000a0000000, 0x00000000b1b00000, 0x00000000e0000000)
  object space 289792K, 12% used [0x00000000a0000000,0x00000000a24551c0,0x00000000b1b00000)
 Metaspace       used 70202K, capacity 72670K, committed 72792K, reserved 1112064K
  class space    used 9193K, capacity 9695K, committed 9816K, reserved 1048576K
Event: 38.820 GC heap after
Heap after GC invocations=15 (full 3):
 PSYoungGen      total 153600K, used 11765K [0x00000000e0000000, 0x00000000ebd80000, 0x0000000100000000)
  eden space 141824K, 0% used [0x00000000e0000000,0x00000000e0000000,0x00000000e8a80000)
  from space 11776K, 99% used [0x00000000ea180000,0x00000000eacfd4d0,0x00000000ead00000)
  to   space 23552K, 0% used [0x00000000e8a80000,0x00000000e8a80000,0x00000000ea180000)
 ParOldGen       total 289792K, used 43512K [0x00000000a0000000, 0x00000000b1b00000, 0x00000000e0000000)
  object space 289792K, 15% used [0x00000000a0000000,0x00000000a2a7e000,0x00000000b1b00000)
 Metaspace       used 70202K, capacity 72670K, committed 72792K, reserved 1112064K
  class space    used 9193K, capacity 9695K, committed 9816K, reserved 1048576K
}
Event: 112.022 GC heap before
{Heap before GC invocations=16 (full 3):
 PSYoungGen      total 153600K, used 153589K [0x00000000e0000000, 0x00000000ebd80000, 0x0000000100000000)
  eden space 141824K, 100% used [0x00000000e0000000,0x00000000e8a80000,0x00000000e8a80000)
  from space 11776K, 99% used [0x00000000ea180000,0x00000000eacfd4d0,0x00000000ead00000)
  to   space 23552K, 0% used [0x00000000e8a80000,0x00000000e8a80000,0x00000000ea180000)
 ParOldGen       total 289792K, used 43512K [0x00000000a0000000, 0x00000000b1b00000, 0x00000000e0000000)
  object space 289792K, 15% used [0x00000000a0000000,0x00000000a2a7e000,0x00000000b1b00000)
 Metaspace       used 71742K, capacity 74572K, committed 74712K, reserved 1114112K
  class space    used 9363K, capacity 9926K, committed 9944K, reserved 1048576K
Event: 112.036 GC heap after
Heap after GC invocations=16 (full 3):
 PSYoungGen      total 165376K, used 16965K [0x00000000e0000000, 0x00000000ec180000, 0x0000000100000000)
  eden space 141824K, 0% used [0x00000000e0000000,0x00000000e0000000,0x00000000e8a80000)
  from space 23552K, 72% used [0x00000000e8a80000,0x00000000e9b11638,0x00000000ea180000)
  to   space 23552K, 0% used [0x00000000eaa80000,0x00000000eaa80000,0x00000000ec180000)
 ParOldGen       total 289792K, used 43520K [0x00000000a0000000, 0x00000000b1b00000, 0x00000000e0000000)
  object space 289792K, 15% used [0x00000000a0000000,0x00000000a2a80000,0x00000000b1b00000)
 Metaspace       used 71742K, capacity 74572K, committed 74712K, reserved 1114112K
  class space    used 9363K, capacity 9926K, committed 9944K, reserved 1048576K
}
Event: 112.812 GC heap before
{Heap before GC invocations=17 (full 3):
 PSYoungGen      total 165376K, used 158789K [0x00000000e0000000, 0x00000000ec180000, 0x0000000100000000)
  eden space 141824K, 100% used [0x00000000e0000000,0x00000000e8a80000,0x00000000e8a80000)
  from space 23552K, 72% used [0x00000000e8a80000,0x00000000e9b11638,0x00000000ea180000)
  to   space 23552K, 0% used [0x00000000eaa80000,0x00000000eaa80000,0x00000000ec180000)
 ParOldGen       total 289792K, used 43520K [0x00000000a0000000, 0x00000000b1b00000, 0x00000000e0000000)
  object space 289792K, 15% used [0x00000000a0000000,0x00000000a2a80000,0x00000000b1b00000)
 Metaspace       used 74596K, capacity 77614K, committed 77784K, reserved 1116160K
  class space    used 9812K, capacity 10378K, committed 10456K, reserved 1048576K
Event: 112.834 GC heap after
Heap after GC invocations=17 (full 3):
 PSYoungGen      total 169984K, used 23521K [0x00000000e0000000, 0x00000000ed200000, 0x0000000100000000)
  eden space 146432K, 0% used [0x00000000e0000000,0x00000000e0000000,0x00000000e8f00000)
  from space 23552K, 99% used [0x00000000eaa80000,0x00000000ec1784d0,0x00000000ec180000)
  to   space 28160K, 0% used [0x00000000e8f00000,0x00000000e8f00000,0x00000000eaa80000)
 ParOldGen       total 289792K, used 48107K [0x00000000a0000000, 0x00000000b1b00000, 0x00000000e0000000)
  object space 289792K, 16% used [0x00000000a0000000,0x00000000a2efaf58,0x00000000b1b00000)
 Metaspace       used 74596K, capacity 77614K, committed 77784K, reserved 1116160K
  class space    used 9812K, capacity 10378K, committed 10456K, reserved 1048576K
}
Event: 113.757 GC heap before
{Heap before GC invocations=18 (full 3):
 PSYoungGen      total 169984K, used 169953K [0x00000000e0000000, 0x00000000ed200000, 0x0000000100000000)
  eden space 146432K, 100% used [0x00000000e0000000,0x00000000e8f00000,0x00000000e8f00000)
  from space 23552K, 99% used [0x00000000eaa80000,0x00000000ec1784d0,0x00000000ec180000)
  to   space 28160K, 0% used [0x00000000e8f00000,0x00000000e8f00000,0x00000000eaa80000)
 ParOldGen       total 289792K, used 48107K [0x00000000a0000000, 0x00000000b1b00000, 0x00000000e0000000)
  object space 289792K, 16% used [0x00000000a0000000,0x00000000a2efaf58,0x00000000b1b00000)
 Metaspace       used 76064K, capacity 79532K, committed 79704K, reserved 1118208K
  class space    used 10059K, capacity 10715K, committed 10840K, reserved 1048576K
Event: 113.785 GC heap after
Heap after GC invocations=18 (full 3):
 PSYoungGen      total 174592K, used 28129K [0x00000000e0000000, 0x00000000ed200000, 0x0000000100000000)
  eden space 146432K, 0% used [0x00000000e0000000,0x00000000e0000000,0x00000000e8f00000)
  from space 28160K, 99% used [0x00000000e8f00000,0x00000000eaa784e0,0x00000000eaa80000)
  to   space 23552K, 0% used [0x00000000eaa80000,0x00000000eaa80000,0x00000000ec180000)
 ParOldGen       total 289792K, used 54030K [0x00000000a0000000, 0x00000000b1b00000, 0x00000000e0000000)
  object space 289792K, 18% used [0x00000000a0000000,0x00000000a34c3a70,0x00000000b1b00000)
 Metaspace       used 76064K, capacity 79532K, committed 79704K, reserved 1118208K
  class space    used 10059K, capacity 10715K, committed 10840K, reserved 1048576K
}

