# JRE version: OpenJDK Runtime Environment (8.0_242-b01) (build 1.8.0_242-release-1644-b01)
# Java VM: OpenJDK 64-Bit Server VM (25.242-b01 mixed mode windows-amd64 compressed oops)
Heap:
 PSYoungGen      total 240640K, used 56794K [0x00000000d5580000, 0x00000000e5400000, 0x0000000100000000)
  eden space 233984K, 23% used [0x00000000d5580000,0x00000000d8afe860,0x00000000e3a00000)
  from space 6656K, 30% used [0x00000000e4d80000,0x00000000e4f78000,0x00000000e5400000)
  to   space 13312K, 0% used [0x00000000e3a00000,0x00000000e3a00000,0x00000000e4700000)
 ParOldGen       total 150528K, used 12367K [0x0000000080000000, 0x0000000089300000, 0x00000000d5580000)
  object space 150528K, 8% used [0x0000000080000000,0x0000000080c13e88,0x0000000089300000)
 Metaspace       used 37183K, capacity 38268K, committed 38576K, reserved 1083392K
  class space    used 4870K, capacity 5181K, committed 5296K, reserved 1048576K
GC Heap History (10 events):
Event: 10.049 GC heap before
{Heap before GC invocations=10 (full 2):
 PSYoungGen      total 106496K, used 93696K [0x00000000d5580000, 0x00000000e1600000, 0x0000000100000000)
  eden space 93696K, 100% used [0x00000000d5580000,0x00000000db100000,0x00000000db100000)
  from space 12800K, 0% used [0x00000000db100000,0x00000000db100000,0x00000000dbd80000)
  to   space 12800K, 0% used [0x00000000e0980000,0x00000000e0980000,0x00000000e1600000)
 ParOldGen       total 150528K, used 12359K [0x0000000080000000, 0x0000000089300000, 0x00000000d5580000)
  object space 150528K, 8% used [0x0000000080000000,0x0000000080c11e88,0x0000000089300000)
 Metaspace       used 34705K, capacity 35596K, committed 35888K, reserved 1081344K
  class space    used 4587K, capacity 4863K, committed 4912K, reserved 1048576K
Event: 10.054 GC heap after
Heap after GC invocations=10 (full 2):
 PSYoungGen      total 152064K, used 3126K [0x00000000d5580000, 0x00000000e0d00000, 0x0000000100000000)
  eden space 148480K, 0% used [0x00000000d5580000,0x00000000d5580000,0x00000000de680000)
  from space 3584K, 87% used [0x00000000e0980000,0x00000000e0c8dba8,0x00000000e0d00000)
  to   space 13312K, 0% used [0x00000000df300000,0x00000000df300000,0x00000000e0000000)
 ParOldGen       total 150528K, used 12367K [0x0000000080000000, 0x0000000089300000, 0x00000000d5580000)
  object space 150528K, 8% used [0x0000000080000000,0x0000000080c13e88,0x0000000089300000)
 Metaspace       used 34705K, capacity 35596K, committed 35888K, reserved 1081344K
  class space    used 4587K, capacity 4863K, committed 4912K, reserved 1048576K
}
Event: 10.824 GC heap before
{Heap before GC invocations=11 (full 2):
 PSYoungGen      total 152064K, used 151606K [0x00000000d5580000, 0x00000000e0d00000, 0x0000000100000000)
  eden space 148480K, 100% used [0x00000000d5580000,0x00000000de680000,0x00000000de680000)
  from space 3584K, 87% used [0x00000000e0980000,0x00000000e0c8dba8,0x00000000e0d00000)
  to   space 13312K, 0% used [0x00000000df300000,0x00000000df300000,0x00000000e0000000)
 ParOldGen       total 150528K, used 12367K [0x0000000080000000, 0x0000000089300000, 0x00000000d5580000)
  object space 150528K, 8% used [0x0000000080000000,0x0000000080c13e88,0x0000000089300000)
 Metaspace       used 34735K, capacity 35596K, committed 35888K, reserved 1081344K
  class space    used 4591K, capacity 4863K, committed 4912K, reserved 1048576K
Event: 10.826 GC heap after
Heap after GC invocations=11 (full 2):
 PSYoungGen      total 174592K, used 288K [0x00000000d5580000, 0x00000000e2e80000, 0x0000000100000000)
  eden space 161280K, 0% used [0x00000000d5580000,0x00000000d5580000,0x00000000df300000)
  from space 13312K, 2% used [0x00000000df300000,0x00000000df348000,0x00000000e0000000)
  to   space 13824K, 0% used [0x00000000e2100000,0x00000000e2100000,0x00000000e2e80000)
 ParOldGen       total 150528K, used 12367K [0x0000000080000000, 0x0000000089300000, 0x00000000d5580000)
  object space 150528K, 8% used [0x0000000080000000,0x0000000080c13e88,0x0000000089300000)
 Metaspace       used 34735K, capacity 35596K, committed 35888K, reserved 1081344K
  class space    used 4591K, capacity 4863K, committed 4912K, reserved 1048576K
}
Event: 13.618 GC heap before
{Heap before GC invocations=12 (full 2):
 PSYoungGen      total 174592K, used 161568K [0x00000000d5580000, 0x00000000e2e80000, 0x0000000100000000)
  eden space 161280K, 100% used [0x00000000d5580000,0x00000000df300000,0x00000000df300000)
  from space 13312K, 2% used [0x00000000df300000,0x00000000df348000,0x00000000e0000000)
  to   space 13824K, 0% used [0x00000000e2100000,0x00000000e2100000,0x00000000e2e80000)
 ParOldGen       total 150528K, used 12367K [0x0000000080000000, 0x0000000089300000, 0x00000000d5580000)
  object space 150528K, 8% used [0x0000000080000000,0x0000000080c13e88,0x0000000089300000)
 Metaspace       used 35275K, capacity 36110K, committed 36528K, reserved 1081344K
  class space    used 4643K, capacity 4917K, committed 5040K, reserved 1048576K
Event: 13.624 GC heap after
Heap after GC invocations=12 (full 2):
 PSYoungGen      total 208896K, used 5258K [0x00000000d5580000, 0x00000000e3800000, 0x0000000100000000)
  eden space 195072K, 0% used [0x00000000d5580000,0x00000000d5580000,0x00000000e1400000)
  from space 13824K, 38% used [0x00000000e2100000,0x00000000e26228d0,0x00000000e2e80000)
  to   space 13312K, 0% used [0x00000000e1400000,0x00000000e1400000,0x00000000e2100000)
 ParOldGen       total 150528K, used 12367K [0x0000000080000000, 0x0000000089300000, 0x00000000d5580000)
  object space 150528K, 8% used [0x0000000080000000,0x0000000080c13e88,0x0000000089300000)
 Metaspace       used 35275K, capacity 36110K, committed 36528K, reserved 1081344K
  class space    used 4643K, capacity 4917K, committed 5040K, reserved 1048576K
}
Event: 15.752 GC heap before
{Heap before GC invocations=13 (full 2):
 PSYoungGen      total 208896K, used 200330K [0x00000000d5580000, 0x00000000e3800000, 0x0000000100000000)
  eden space 195072K, 100% used [0x00000000d5580000,0x00000000e1400000,0x00000000e1400000)
  from space 13824K, 38% used [0x00000000e2100000,0x00000000e26228d0,0x00000000e2e80000)
  to   space 13312K, 0% used [0x00000000e1400000,0x00000000e1400000,0x00000000e2100000)
 ParOldGen       total 150528K, used 12367K [0x0000000080000000, 0x0000000089300000, 0x00000000d5580000)
  object space 150528K, 8% used [0x0000000080000000,0x0000000080c13e88,0x0000000089300000)
 Metaspace       used 35287K, capacity 36174K, committed 36528K, reserved 1081344K
  class space    used 4643K, capacity 4917K, committed 5040K, reserved 1048576K
Event: 15.756 GC heap after
Heap after GC invocations=13 (full 2):
 PSYoungGen      total 208384K, used 4374K [0x00000000d5580000, 0x00000000e5a80000, 0x0000000100000000)
  eden space 195072K, 0% used [0x00000000d5580000,0x00000000d5580000,0x00000000e1400000)
  from space 13312K, 32% used [0x00000000e1400000,0x00000000e1845ba8,0x00000000e2100000)
  to   space 13312K, 0% used [0x00000000e4d80000,0x00000000e4d80000,0x00000000e5a80000)
 ParOldGen       total 150528K, used 12367K [0x0000000080000000, 0x0000000089300000, 0x00000000d5580000)
  object space 150528K, 8% used [0x0000000080000000,0x0000000080c13e88,0x0000000089300000)
 Metaspace       used 35287K, capacity 36174K, committed 36528K, reserved 1081344K
  class space    used 4643K, capacity 4917K, committed 5040K, reserved 1048576K
}
Event: 17.295 GC heap before
{Heap before GC invocations=14 (full 2):
 PSYoungGen      total 208384K, used 199446K [0x00000000d5580000, 0x00000000e5a80000, 0x0000000100000000)
  eden space 195072K, 100% used [0x00000000d5580000,0x00000000e1400000,0x00000000e1400000)
  from space 13312K, 32% used [0x00000000e1400000,0x00000000e1845ba8,0x00000000e2100000)
  to   space 13312K, 0% used [0x00000000e4d80000,0x00000000e4d80000,0x00000000e5a80000)
 ParOldGen       total 150528K, used 12367K [0x0000000080000000, 0x0000000089300000, 0x00000000d5580000)
  object space 150528K, 8% used [0x0000000080000000,0x0000000080c13e88,0x0000000089300000)
 Metaspace       used 35288K, capacity 36174K, committed 36528K, reserved 1081344K
  class space    used 4643K, capacity 4917K, committed 5040K, reserved 1048576K
Event: 17.298 GC heap after
Heap after GC invocations=14 (full 2):
 PSYoungGen      total 240640K, used 2016K [0x00000000d5580000, 0x00000000e5400000, 0x0000000100000000)
  eden space 233984K, 0% used [0x00000000d5580000,0x00000000d5580000,0x00000000e3a00000)
  from space 6656K, 30% used [0x00000000e4d80000,0x00000000e4f78000,0x00000000e5400000)
  to   space 13312K, 0% used [0x00000000e3a00000,0x00000000e3a00000,0x00000000e4700000)
 ParOldGen       total 150528K, used 12367K [0x0000000080000000, 0x0000000089300000, 0x00000000d5580000)
  object space 150528K, 8% used [0x0000000080000000,0x0000000080c13e88,0x0000000089300000)
 Metaspace       used 35288K, capacity 36174K, committed 36528K, reserved 1081344K
  class space    used 4643K, capacity 4917K, committed 5040K, reserved 1048576K
}

