# JRE version: OpenJDK Runtime Environment (8.0_242-b01) (build 1.8.0_242-release-1644-b01)
# Java VM: OpenJDK 64-Bit Server VM (25.242-b01 mixed mode windows-amd64 compressed oops)
Heap:
 PSYoungGen      total 341504K, used 132322K [0x00000000e0000000, 0x00000000f8000000, 0x0000000100000000)
  eden space 294400K, 40% used [0x00000000e0000000,0x00000000e75298e0,0x00000000f1f80000)
  from space 47104K, 26% used [0x00000000f1f80000,0x00000000f2b8f190,0x00000000f4d80000)
  to   space 47616K, 0% used [0x00000000f4d80000,0x00000000f4d80000,0x00000000f7c00000)
 ParOldGen       total 227328K, used 108544K [0x00000000a0000000, 0x00000000ade00000, 0x00000000e0000000)
  object space 227328K, 47% used [0x00000000a0000000,0x00000000a6a001c8,0x00000000ade00000)
 Metaspace       used 91530K, capacity 97228K, committed 97496K, reserved 1132544K
  class space    used 12512K, capacity 13516K, committed 13568K, reserved 1048576K
GC Heap History (10 events):
Event: 35.426 GC heap before
{Heap before GC invocations=24 (full 3):
 PSYoungGen      total 342016K, used 307078K [0x00000000e0000000, 0x00000000f8000000, 0x0000000100000000)
  eden space 294400K, 100% used [0x00000000e0000000,0x00000000f1f80000,0x00000000f1f80000)
  from space 47616K, 26% used [0x00000000f4d80000,0x00000000f59e1880,0x00000000f7c00000)
  to   space 47104K, 0% used [0x00000000f1f80000,0x00000000f1f80000,0x00000000f4d80000)
 ParOldGen       total 227328K, used 95469K [0x00000000a0000000, 0x00000000ade00000, 0x00000000e0000000)
  object space 227328K, 41% used [0x00000000a0000000,0x00000000a5d3b698,0x00000000ade00000)
 Metaspace       used 91355K, capacity 97076K, committed 97240K, reserved 1132544K
  class space    used 12508K, capacity 13514K, committed 13568K, reserved 1048576K
Event: 35.447 GC heap after
Heap after GC invocations=24 (full 3):
 PSYoungGen      total 341504K, used 9920K [0x00000000e0000000, 0x00000000f8000000, 0x0000000100000000)
  eden space 294400K, 0% used [0x00000000e0000000,0x00000000e0000000,0x00000000f1f80000)
  from space 47104K, 21% used [0x00000000f1f80000,0x00000000f2930030,0x00000000f4d80000)
  to   space 47616K, 0% used [0x00000000f4d80000,0x00000000f4d80000,0x00000000f7c00000)
 ParOldGen       total 227328K, used 100043K [0x00000000a0000000, 0x00000000ade00000, 0x00000000e0000000)
  object space 227328K, 44% used [0x00000000a0000000,0x00000000a61b2f60,0x00000000ade00000)
 Metaspace       used 91355K, capacity 97076K, committed 97240K, reserved 1132544K
  class space    used 12508K, capacity 13514K, committed 13568K, reserved 1048576K
}
Event: 36.028 GC heap before
{Heap before GC invocations=25 (full 3):
 PSYoungGen      total 341504K, used 304320K [0x00000000e0000000, 0x00000000f8000000, 0x0000000100000000)
  eden space 294400K, 100% used [0x00000000e0000000,0x00000000f1f80000,0x00000000f1f80000)
  from space 47104K, 21% used [0x00000000f1f80000,0x00000000f2930030,0x00000000f4d80000)
  to   space 47616K, 0% used [0x00000000f4d80000,0x00000000f4d80000,0x00000000f7c00000)
 ParOldGen       total 227328K, used 100043K [0x00000000a0000000, 0x00000000ade00000, 0x00000000e0000000)
  object space 227328K, 44% used [0x00000000a0000000,0x00000000a61b2f60,0x00000000ade00000)
 Metaspace       used 91363K, capacity 97076K, committed 97240K, reserved 1132544K
  class space    used 12509K, capacity 13514K, committed 13568K, reserved 1048576K
Event: 36.043 GC heap after
Heap after GC invocations=25 (full 3):
 PSYoungGen      total 342016K, used 6912K [0x00000000e0000000, 0x00000000f8000000, 0x0000000100000000)
  eden space 294400K, 0% used [0x00000000e0000000,0x00000000e0000000,0x00000000f1f80000)
  from space 47616K, 14% used [0x00000000f4d80000,0x00000000f5440010,0x00000000f7c00000)
  to   space 47104K, 0% used [0x00000000f1f80000,0x00000000f1f80000,0x00000000f4d80000)
 ParOldGen       total 227328K, used 105360K [0x00000000a0000000, 0x00000000ade00000, 0x00000000e0000000)
  object space 227328K, 46% used [0x00000000a0000000,0x00000000a66e41c8,0x00000000ade00000)
 Metaspace       used 91363K, capacity 97076K, committed 97240K, reserved 1132544K
  class space    used 12509K, capacity 13514K, committed 13568K, reserved 1048576K
}
Event: 36.687 GC heap before
{Heap before GC invocations=26 (full 3):
 PSYoungGen      total 342016K, used 301312K [0x00000000e0000000, 0x00000000f8000000, 0x0000000100000000)
  eden space 294400K, 100% used [0x00000000e0000000,0x00000000f1f80000,0x00000000f1f80000)
  from space 47616K, 14% used [0x00000000f4d80000,0x00000000f5440010,0x00000000f7c00000)
  to   space 47104K, 0% used [0x00000000f1f80000,0x00000000f1f80000,0x00000000f4d80000)
 ParOldGen       total 227328K, used 105360K [0x00000000a0000000, 0x00000000ade00000, 0x00000000e0000000)
  object space 227328K, 46% used [0x00000000a0000000,0x00000000a66e41c8,0x00000000ade00000)
 Metaspace       used 91430K, capacity 97148K, committed 97240K, reserved 1132544K
  class space    used 12512K, capacity 13516K, committed 13568K, reserved 1048576K
Event: 36.700 GC heap after
Heap after GC invocations=26 (full 3):
 PSYoungGen      total 341504K, used 6231K [0x00000000e0000000, 0x00000000f8000000, 0x0000000100000000)
  eden space 294400K, 0% used [0x00000000e0000000,0x00000000e0000000,0x00000000f1f80000)
  from space 47104K, 13% used [0x00000000f1f80000,0x00000000f2595d00,0x00000000f4d80000)
  to   space 47616K, 0% used [0x00000000f4d80000,0x00000000f4d80000,0x00000000f7c00000)
 ParOldGen       total 227328K, used 108536K [0x00000000a0000000, 0x00000000ade00000, 0x00000000e0000000)
  object space 227328K, 47% used [0x00000000a0000000,0x00000000a69fe1c8,0x00000000ade00000)
 Metaspace       used 91430K, capacity 97148K, committed 97240K, reserved 1132544K
  class space    used 12512K, capacity 13516K, committed 13568K, reserved 1048576K
}
Event: 37.594 GC heap before
{Heap before GC invocations=27 (full 3):
 PSYoungGen      total 341504K, used 300409K [0x00000000e0000000, 0x00000000f8000000, 0x0000000100000000)
  eden space 294400K, 99% used [0x00000000e0000000,0x00000000f1f48860,0x00000000f1f80000)
  from space 47104K, 13% used [0x00000000f1f80000,0x00000000f2595d00,0x00000000f4d80000)
  to   space 47616K, 0% used [0x00000000f4d80000,0x00000000f4d80000,0x00000000f7c00000)
 ParOldGen       total 227328K, used 108536K [0x00000000a0000000, 0x00000000ade00000, 0x00000000e0000000)
  object space 227328K, 47% used [0x00000000a0000000,0x00000000a69fe1c8,0x00000000ade00000)
 Metaspace       used 91477K, capacity 97152K, committed 97240K, reserved 1132544K
  class space    used 12512K, capacity 13516K, committed 13568K, reserved 1048576K
Event: 37.611 GC heap after
Heap after GC invocations=27 (full 3):
 PSYoungGen      total 342016K, used 11754K [0x00000000e0000000, 0x00000000f8000000, 0x0000000100000000)
  eden space 294400K, 0% used [0x00000000e0000000,0x00000000e0000000,0x00000000f1f80000)
  from space 47616K, 24% used [0x00000000f4d80000,0x00000000f58faaf0,0x00000000f7c00000)
  to   space 47104K, 0% used [0x00000000f1f80000,0x00000000f1f80000,0x00000000f4d80000)
 ParOldGen       total 227328K, used 108536K [0x00000000a0000000, 0x00000000ade00000, 0x00000000e0000000)
  object space 227328K, 47% used [0x00000000a0000000,0x00000000a69fe1c8,0x00000000ade00000)
 Metaspace       used 91477K, capacity 97152K, committed 97240K, reserved 1132544K
  class space    used 12512K, capacity 13516K, committed 13568K, reserved 1048576K
}
Event: 38.347 GC heap before
{Heap before GC invocations=28 (full 3):
 PSYoungGen      total 342016K, used 306154K [0x00000000e0000000, 0x00000000f8000000, 0x0000000100000000)
  eden space 294400K, 100% used [0x00000000e0000000,0x00000000f1f80000,0x00000000f1f80000)
  from space 47616K, 24% used [0x00000000f4d80000,0x00000000f58faaf0,0x00000000f7c00000)
  to   space 47104K, 0% used [0x00000000f1f80000,0x00000000f1f80000,0x00000000f4d80000)
 ParOldGen       total 227328K, used 108536K [0x00000000a0000000, 0x00000000ade00000, 0x00000000e0000000)
  object space 227328K, 47% used [0x00000000a0000000,0x00000000a69fe1c8,0x00000000ade00000)
 Metaspace       used 91527K, capacity 97228K, committed 97496K, reserved 1132544K
  class space    used 12512K, capacity 13516K, committed 13568K, reserved 1048576K
Event: 38.359 GC heap after
Heap after GC invocations=28 (full 3):
 PSYoungGen      total 341504K, used 12348K [0x00000000e0000000, 0x00000000f8000000, 0x0000000100000000)
  eden space 294400K, 0% used [0x00000000e0000000,0x00000000e0000000,0x00000000f1f80000)
  from space 47104K, 26% used [0x00000000f1f80000,0x00000000f2b8f190,0x00000000f4d80000)
  to   space 47616K, 0% used [0x00000000f4d80000,0x00000000f4d80000,0x00000000f7c00000)
 ParOldGen       total 227328K, used 108544K [0x00000000a0000000, 0x00000000ade00000, 0x00000000e0000000)
  object space 227328K, 47% used [0x00000000a0000000,0x00000000a6a001c8,0x00000000ade00000)
 Metaspace       used 91527K, capacity 97228K, committed 97496K, reserved 1132544K
  class space    used 12512K, capacity 13516K, committed 13568K, reserved 1048576K
}

