# JRE version: OpenJDK Runtime Environment (8.0_202-b03) (build 1.8.0_202-release-1483-b03)
# Java VM: OpenJDK 64-Bit Server VM (25.202-b03 mixed mode windows-amd64 compressed oops)
Heap:
 PSYoungGen      total 203264K, used 78807K [0x00000000e0000000, 0x00000000efa00000, 0x0000000100000000)
  eden space 176128K, 29% used [0x00000000e0000000,0x00000000e32c32a0,0x00000000eac00000)
  from space 27136K, 98% used [0x00000000eaf80000,0x00000000ec9b2c18,0x00000000eca00000)
  to   space 39936K, 0% used [0x00000000ed300000,0x00000000ed300000,0x00000000efa00000)
 ParOldGen       total 281600K, used 66696K [0x00000000a0000000, 0x00000000b1300000, 0x00000000e0000000)
  object space 281600K, 23% used [0x00000000a0000000,0x00000000a4122108,0x00000000b1300000)
 Metaspace       used 82323K, capacity 87038K, committed 87296K, reserved 1124352K
  class space    used 10836K, capacity 11698K, committed 11776K, reserved 1048576K
GC Heap History (10 events):
Event: 12.026 GC heap before
{Heap before GC invocations=14 (full 3):
 PSYoungGen      total 155648K, used 154656K [0x00000000e0000000, 0x00000000eb280000, 0x0000000100000000)
  eden space 142848K, 100% used [0x00000000e0000000,0x00000000e8b80000,0x00000000e8b80000)
  from space 12800K, 92% used [0x00000000ea600000,0x00000000eb1881f8,0x00000000eb280000)
  to   space 19968K, 0% used [0x00000000e8b80000,0x00000000e8b80000,0x00000000e9f00000)
 ParOldGen       total 281600K, used 36255K [0x00000000a0000000, 0x00000000b1300000, 0x00000000e0000000)
  object space 281600K, 12% used [0x00000000a0000000,0x00000000a2367db0,0x00000000b1300000)
 Metaspace       used 68869K, capacity 71368K, committed 71552K, reserved 1112064K
  class space    used 9015K, capacity 9533K, committed 9600K, reserved 1048576K
Event: 12.046 GC heap after
Heap after GC invocations=14 (full 3):
 PSYoungGen      total 162816K, used 18353K [0x00000000e0000000, 0x00000000eca00000, 0x0000000100000000)
  eden space 142848K, 0% used [0x00000000e0000000,0x00000000e0000000,0x00000000e8b80000)
  from space 19968K, 91% used [0x00000000e8b80000,0x00000000e9d6c688,0x00000000e9f00000)
  to   space 21504K, 0% used [0x00000000eb500000,0x00000000eb500000,0x00000000eca00000)
 ParOldGen       total 281600K, used 36263K [0x00000000a0000000, 0x00000000b1300000, 0x00000000e0000000)
  object space 281600K, 12% used [0x00000000a0000000,0x00000000a2369db0,0x00000000b1300000)
 Metaspace       used 68869K, capacity 71368K, committed 71552K, reserved 1112064K
  class space    used 9015K, capacity 9533K, committed 9600K, reserved 1048576K
}
Event: 13.051 GC heap before
{Heap before GC invocations=15 (full 3):
 PSYoungGen      total 162816K, used 161201K [0x00000000e0000000, 0x00000000eca00000, 0x0000000100000000)
  eden space 142848K, 100% used [0x00000000e0000000,0x00000000e8b80000,0x00000000e8b80000)
  from space 19968K, 91% used [0x00000000e8b80000,0x00000000e9d6c688,0x00000000e9f00000)
  to   space 21504K, 0% used [0x00000000eb500000,0x00000000eb500000,0x00000000eca00000)
 ParOldGen       total 281600K, used 36263K [0x00000000a0000000, 0x00000000b1300000, 0x00000000e0000000)
  object space 281600K, 12% used [0x00000000a0000000,0x00000000a2369db0,0x00000000b1300000)
 Metaspace       used 71801K, capacity 74730K, committed 74880K, reserved 1114112K
  class space    used 9477K, capacity 10023K, committed 10112K, reserved 1048576K
Event: 13.084 GC heap after
Heap after GC invocations=15 (full 3):
 PSYoungGen      total 179712K, used 21472K [0x00000000e0000000, 0x00000000eda80000, 0x0000000100000000)
  eden space 158208K, 0% used [0x00000000e0000000,0x00000000e0000000,0x00000000e9a80000)
  from space 21504K, 99% used [0x00000000eb500000,0x00000000ec9f8040,0x00000000eca00000)
  to   space 27136K, 0% used [0x00000000e9a80000,0x00000000e9a80000,0x00000000eb500000)
 ParOldGen       total 281600K, used 45099K [0x00000000a0000000, 0x00000000b1300000, 0x00000000e0000000)
  object space 281600K, 16% used [0x00000000a0000000,0x00000000a2c0ae68,0x00000000b1300000)
 Metaspace       used 71801K, capacity 74730K, committed 74880K, reserved 1114112K
  class space    used 9477K, capacity 10023K, committed 10112K, reserved 1048576K
}
Event: 17.718 GC heap before
{Heap before GC invocations=16 (full 3):
 PSYoungGen      total 179712K, used 179680K [0x00000000e0000000, 0x00000000eda80000, 0x0000000100000000)
  eden space 158208K, 100% used [0x00000000e0000000,0x00000000e9a80000,0x00000000e9a80000)
  from space 21504K, 99% used [0x00000000eb500000,0x00000000ec9f8040,0x00000000eca00000)
  to   space 27136K, 0% used [0x00000000e9a80000,0x00000000e9a80000,0x00000000eb500000)
 ParOldGen       total 281600K, used 45099K [0x00000000a0000000, 0x00000000b1300000, 0x00000000e0000000)
  object space 281600K, 16% used [0x00000000a0000000,0x00000000a2c0ae68,0x00000000b1300000)
 Metaspace       used 77245K, capacity 80928K, committed 81152K, reserved 1120256K
  class space    used 10230K, capacity 10907K, committed 11008K, reserved 1048576K
Event: 17.770 GC heap after
Heap after GC invocations=16 (full 3):
 PSYoungGen      total 185344K, used 27125K [0x00000000e0000000, 0x00000000ef580000, 0x0000000100000000)
  eden space 158208K, 0% used [0x00000000e0000000,0x00000000e0000000,0x00000000e9a80000)
  from space 27136K, 99% used [0x00000000e9a80000,0x00000000eb4fd4e0,0x00000000eb500000)
  to   space 32768K, 0% used [0x00000000ed580000,0x00000000ed580000,0x00000000ef580000)
 ParOldGen       total 281600K, used 51483K [0x00000000a0000000, 0x00000000b1300000, 0x00000000e0000000)
  object space 281600K, 18% used [0x00000000a0000000,0x00000000a3246e98,0x00000000b1300000)
 Metaspace       used 77245K, capacity 80928K, committed 81152K, reserved 1120256K
  class space    used 10230K, capacity 10907K, committed 11008K, reserved 1048576K
}
Event: 4671.391 GC heap before
{Heap before GC invocations=17 (full 3):
 PSYoungGen      total 185344K, used 185333K [0x00000000e0000000, 0x00000000ef580000, 0x0000000100000000)
  eden space 158208K, 100% used [0x00000000e0000000,0x00000000e9a80000,0x00000000e9a80000)
  from space 27136K, 99% used [0x00000000e9a80000,0x00000000eb4fd4e0,0x00000000eb500000)
  to   space 32768K, 0% used [0x00000000ed580000,0x00000000ed580000,0x00000000ef580000)
 ParOldGen       total 281600K, used 51483K [0x00000000a0000000, 0x00000000b1300000, 0x00000000e0000000)
  object space 281600K, 18% used [0x00000000a0000000,0x00000000a3246e98,0x00000000b1300000)
 Metaspace       used 79812K, capacity 83910K, committed 84096K, reserved 1122304K
  class space    used 10543K, capacity 11285K, committed 11392K, reserved 1048576K
Event: 4671.462 GC heap after
Heap after GC invocations=17 (full 3):
 PSYoungGen      total 212480K, used 32741K [0x00000000e0000000, 0x00000000efc80000, 0x0000000100000000)
  eden space 179712K, 0% used [0x00000000e0000000,0x00000000e0000000,0x00000000eaf80000)
  from space 32768K, 99% used [0x00000000ed580000,0x00000000ef5794f0,0x00000000ef580000)
  to   space 38912K, 0% used [0x00000000eaf80000,0x00000000eaf80000,0x00000000ed580000)
 ParOldGen       total 281600K, used 55121K [0x00000000a0000000, 0x00000000b1300000, 0x00000000e0000000)
  object space 281600K, 19% used [0x00000000a0000000,0x00000000a35d4530,0x00000000b1300000)
 Metaspace       used 79812K, capacity 83910K, committed 84096K, reserved 1122304K
  class space    used 10543K, capacity 11285K, committed 11392K, reserved 1048576K
}
Event: 6309.129 GC heap before
{Heap before GC invocations=18 (full 3):
 PSYoungGen      total 212480K, used 212453K [0x00000000e0000000, 0x00000000efc80000, 0x0000000100000000)
  eden space 179712K, 100% used [0x00000000e0000000,0x00000000eaf80000,0x00000000eaf80000)
  from space 32768K, 99% used [0x00000000ed580000,0x00000000ef5794f0,0x00000000ef580000)
  to   space 38912K, 0% used [0x00000000eaf80000,0x00000000eaf80000,0x00000000ed580000)
 ParOldGen       total 281600K, used 55121K [0x00000000a0000000, 0x00000000b1300000, 0x00000000e0000000)
  object space 281600K, 19% used [0x00000000a0000000,0x00000000a35d4530,0x00000000b1300000)
 Metaspace       used 81259K, capacity 85846K, committed 86144K, reserved 1124352K
  class space    used 10706K, capacity 11524K, committed 11648K, reserved 1048576K
Event: 6309.148 GC heap after
Heap after GC invocations=18 (full 3):
 PSYoungGen      total 203264K, used 26827K [0x00000000e0000000, 0x00000000efa00000, 0x0000000100000000)
  eden space 176128K, 0% used [0x00000000e0000000,0x00000000e0000000,0x00000000eac00000)
  from space 27136K, 98% used [0x00000000eaf80000,0x00000000ec9b2c18,0x00000000eca00000)
  to   space 39936K, 0% used [0x00000000ed300000,0x00000000ed300000,0x00000000efa00000)
 ParOldGen       total 281600K, used 66696K [0x00000000a0000000, 0x00000000b1300000, 0x00000000e0000000)
  object space 281600K, 23% used [0x00000000a0000000,0x00000000a4122108,0x00000000b1300000)
 Metaspace       used 81259K, capacity 85846K, committed 86144K, reserved 1124352K
  class space    used 10706K, capacity 11524K, committed 11648K, reserved 1048576K
}

