# JRE version: OpenJDK Runtime Environment (8.0_202-b03) (build 1.8.0_202-release-1483-b03)
# Java VM: OpenJDK 64-Bit Server VM (25.202-b03 mixed mode windows-amd64 compressed oops)
Heap:
 PSYoungGen      total 182784K, used 130494K [0x00000000e0000000, 0x00000000edb00000, 0x0000000100000000)
  eden space 158720K, 67% used [0x00000000e0000000,0x00000000e67f2718,0x00000000e9b00000)
  from space 24064K, 99% used [0x00000000eb880000,0x00000000ecffd4d0,0x00000000ed000000)
  to   space 30208K, 0% used [0x00000000e9b00000,0x00000000e9b00000,0x00000000eb880000)
 ParOldGen       total 293376K, used 46330K [0x00000000a0000000, 0x00000000b1e80000, 0x00000000e0000000)
  object space 293376K, 15% used [0x00000000a0000000,0x00000000a2d3e8b8,0x00000000b1e80000)
 Metaspace       used 74296K, capacity 77548K, committed 77656K, reserved 1116160K
  class space    used 9908K, capacity 10543K, committed 10624K, reserved 1048576K
GC Heap History (10 events):
Event: 9.025 GC heap before
{Heap before GC invocations=11 (full 2):
 PSYoungGen      total 140288K, used 91115K [0x00000000e0000000, 0x00000000ea200000, 0x0000000100000000)
  eden space 124928K, 60% used [0x00000000e0000000,0x00000000e49fea20,0x00000000e7a00000)
  from space 15360K, 99% used [0x00000000e8c00000,0x00000000e9afc248,0x00000000e9b00000)
  to   space 18432K, 0% used [0x00000000e7a00000,0x00000000e7a00000,0x00000000e8c00000)
 ParOldGen       total 195072K, used 22376K [0x00000000a0000000, 0x00000000abe80000, 0x00000000e0000000)
  object space 195072K, 11% used [0x00000000a0000000,0x00000000a15da080,0x00000000abe80000)
 Metaspace       used 57219K, capacity 59000K, committed 59096K, reserved 1099776K
  class space    used 7688K, capacity 8131K, committed 8192K, reserved 1048576K
Event: 9.047 GC heap after
Heap after GC invocations=11 (full 2):
 PSYoungGen      total 143360K, used 18430K [0x00000000e0000000, 0x00000000ebf00000, 0x0000000100000000)
  eden space 124928K, 0% used [0x00000000e0000000,0x00000000e0000000,0x00000000e7a00000)
  from space 18432K, 99% used [0x00000000e7a00000,0x00000000e8bffad0,0x00000000e8c00000)
  to   space 22016K, 0% used [0x00000000ea980000,0x00000000ea980000,0x00000000ebf00000)
 ParOldGen       total 195072K, used 25314K [0x00000000a0000000, 0x00000000abe80000, 0x00000000e0000000)
  object space 195072K, 12% used [0x00000000a0000000,0x00000000a18b8b38,0x00000000abe80000)
 Metaspace       used 57219K, capacity 59000K, committed 59096K, reserved 1099776K
  class space    used 7688K, capacity 8131K, committed 8192K, reserved 1048576K
}
Event: 9.047 GC heap before
{Heap before GC invocations=12 (full 3):
 PSYoungGen      total 143360K, used 18430K [0x00000000e0000000, 0x00000000ebf00000, 0x0000000100000000)
  eden space 124928K, 0% used [0x00000000e0000000,0x00000000e0000000,0x00000000e7a00000)
  from space 18432K, 99% used [0x00000000e7a00000,0x00000000e8bffad0,0x00000000e8c00000)
  to   space 22016K, 0% used [0x00000000ea980000,0x00000000ea980000,0x00000000ebf00000)
 ParOldGen       total 195072K, used 25314K [0x00000000a0000000, 0x00000000abe80000, 0x00000000e0000000)
  object space 195072K, 12% used [0x00000000a0000000,0x00000000a18b8b38,0x00000000abe80000)
 Metaspace       used 57219K, capacity 59000K, committed 59096K, reserved 1099776K
  class space    used 7688K, capacity 8131K, committed 8192K, reserved 1048576K
Event: 9.320 GC heap after
Heap after GC invocations=12 (full 3):
 PSYoungGen      total 143360K, used 0K [0x00000000e0000000, 0x00000000ebf00000, 0x0000000100000000)
  eden space 124928K, 0% used [0x00000000e0000000,0x00000000e0000000,0x00000000e7a00000)
  from space 18432K, 0% used [0x00000000e7a00000,0x00000000e7a00000,0x00000000e8c00000)
  to   space 22016K, 0% used [0x00000000ea980000,0x00000000ea980000,0x00000000ebf00000)
 ParOldGen       total 293376K, used 36148K [0x00000000a0000000, 0x00000000b1e80000, 0x00000000e0000000)
  object space 293376K, 12% used [0x00000000a0000000,0x00000000a234d0c0,0x00000000b1e80000)
 Metaspace       used 57182K, capacity 58874K, committed 59096K, reserved 1099776K
  class space    used 7676K, capacity 8110K, committed 8192K, reserved 1048576K
}
Event: 10.969 GC heap before
{Heap before GC invocations=13 (full 3):
 PSYoungGen      total 143360K, used 124928K [0x00000000e0000000, 0x00000000ebf00000, 0x0000000100000000)
  eden space 124928K, 100% used [0x00000000e0000000,0x00000000e7a00000,0x00000000e7a00000)
  from space 18432K, 0% used [0x00000000e7a00000,0x00000000e7a00000,0x00000000e8c00000)
  to   space 22016K, 0% used [0x00000000ea980000,0x00000000ea980000,0x00000000ebf00000)
 ParOldGen       total 293376K, used 36148K [0x00000000a0000000, 0x00000000b1e80000, 0x00000000e0000000)
  object space 293376K, 12% used [0x00000000a0000000,0x00000000a234d0c0,0x00000000b1e80000)
 Metaspace       used 60967K, capacity 62864K, committed 62936K, reserved 1103872K
  class space    used 8268K, capacity 8676K, committed 8704K, reserved 1048576K
Event: 10.978 GC heap after
Heap after GC invocations=13 (full 3):
 PSYoungGen      total 153600K, used 11179K [0x00000000e0000000, 0x00000000eb480000, 0x0000000100000000)
  eden space 142336K, 0% used [0x00000000e0000000,0x00000000e0000000,0x00000000e8b00000)
  from space 11264K, 99% used [0x00000000ea980000,0x00000000eb46ae90,0x00000000eb480000)
  to   space 20992K, 0% used [0x00000000e8b80000,0x00000000e8b80000,0x00000000ea000000)
 ParOldGen       total 293376K, used 36156K [0x00000000a0000000, 0x00000000b1e80000, 0x00000000e0000000)
  object space 293376K, 12% used [0x00000000a0000000,0x00000000a234f0c0,0x00000000b1e80000)
 Metaspace       used 60967K, capacity 62864K, committed 62936K, reserved 1103872K
  class space    used 8268K, capacity 8676K, committed 8704K, reserved 1048576K
}
Event: 12.422 GC heap before
{Heap before GC invocations=14 (full 3):
 PSYoungGen      total 153600K, used 153515K [0x00000000e0000000, 0x00000000eb480000, 0x0000000100000000)
  eden space 142336K, 100% used [0x00000000e0000000,0x00000000e8b00000,0x00000000e8b00000)
  from space 11264K, 99% used [0x00000000ea980000,0x00000000eb46ae90,0x00000000eb480000)
  to   space 20992K, 0% used [0x00000000e8b80000,0x00000000e8b80000,0x00000000ea000000)
 ParOldGen       total 293376K, used 36156K [0x00000000a0000000, 0x00000000b1e80000, 0x00000000e0000000)
  object space 293376K, 12% used [0x00000000a0000000,0x00000000a234f0c0,0x00000000b1e80000)
 Metaspace       used 63398K, capacity 65852K, committed 66008K, reserved 1105920K
  class space    used 8629K, capacity 9162K, committed 9216K, reserved 1048576K
Event: 12.455 GC heap after
Heap after GC invocations=14 (full 3):
 PSYoungGen      total 163840K, used 20960K [0x00000000e0000000, 0x00000000ed000000, 0x0000000100000000)
  eden space 142848K, 0% used [0x00000000e0000000,0x00000000e0000000,0x00000000e8b80000)
  from space 20992K, 99% used [0x00000000e8b80000,0x00000000e9ff8020,0x00000000ea000000)
  to   space 24064K, 0% used [0x00000000eb880000,0x00000000eb880000,0x00000000ed000000)
 ParOldGen       total 293376K, used 37843K [0x00000000a0000000, 0x00000000b1e80000, 0x00000000e0000000)
  object space 293376K, 12% used [0x00000000a0000000,0x00000000a24f4c08,0x00000000b1e80000)
 Metaspace       used 63398K, capacity 65852K, committed 66008K, reserved 1105920K
  class space    used 8629K, capacity 9162K, committed 9216K, reserved 1048576K
}
Event: 14.718 GC heap before
{Heap before GC invocations=15 (full 3):
 PSYoungGen      total 163840K, used 163808K [0x00000000e0000000, 0x00000000ed000000, 0x0000000100000000)
  eden space 142848K, 100% used [0x00000000e0000000,0x00000000e8b80000,0x00000000e8b80000)
  from space 20992K, 99% used [0x00000000e8b80000,0x00000000e9ff8020,0x00000000ea000000)
  to   space 24064K, 0% used [0x00000000eb880000,0x00000000eb880000,0x00000000ed000000)
 ParOldGen       total 293376K, used 37843K [0x00000000a0000000, 0x00000000b1e80000, 0x00000000e0000000)
  object space 293376K, 12% used [0x00000000a0000000,0x00000000a24f4c18,0x00000000b1e80000)
 Metaspace       used 69146K, capacity 72120K, committed 72280K, reserved 1112064K
  class space    used 9413K, capacity 10020K, committed 10112K, reserved 1048576K
Event: 14.740 GC heap after
Heap after GC invocations=15 (full 3):
 PSYoungGen      total 182784K, used 24053K [0x00000000e0000000, 0x00000000edb00000, 0x0000000100000000)
  eden space 158720K, 0% used [0x00000000e0000000,0x00000000e0000000,0x00000000e9b00000)
  from space 24064K, 99% used [0x00000000eb880000,0x00000000ecffd4d0,0x00000000ed000000)
  to   space 30208K, 0% used [0x00000000e9b00000,0x00000000e9b00000,0x00000000eb880000)
 ParOldGen       total 293376K, used 46330K [0x00000000a0000000, 0x00000000b1e80000, 0x00000000e0000000)
  object space 293376K, 15% used [0x00000000a0000000,0x00000000a2d3e8b8,0x00000000b1e80000)
 Metaspace       used 69146K, capacity 72120K, committed 72280K, reserved 1112064K
  class space    used 9413K, capacity 10020K, committed 10112K, reserved 1048576K
}

