# JRE version: OpenJDK Runtime Environment (8.0_202-b03) (build 1.8.0_202-release-1483-b03)
# Java VM: OpenJDK 64-Bit Server VM (25.202-b03 mixed mode windows-amd64 compressed oops)
Heap:
 PSYoungGen      total 155136K, used 51780K [0x00000000e0000000, 0x00000000ebc00000, 0x0000000100000000)
  eden space 135680K, 38% used [0x00000000e0000000,0x00000000e3291178,0x00000000e8480000)
  from space 19456K, 0% used [0x00000000e8480000,0x00000000e8480000,0x00000000e9780000)
  to   space 22016K, 0% used [0x00000000ea680000,0x00000000ea680000,0x00000000ebc00000)
 ParOldGen       total 293888K, used 45155K [0x00000000a0000000, 0x00000000b1f00000, 0x00000000e0000000)
  object space 293888K, 15% used [0x00000000a0000000,0x00000000a2c18e20,0x00000000b1f00000)
 Metaspace       used 73330K, capacity 76022K, committed 76928K, reserved 1124352K
  class space    used 9863K, capacity 10396K, committed 10624K, reserved 1048576K
GC Heap History (10 events):
Event: 9.757 GC heap before
{Heap before GC invocations=14 (full 3):
 PSYoungGen      total 143872K, used 143740K [0x00000000e0000000, 0x00000000eaa80000, 0x0000000100000000)
  eden space 132608K, 100% used [0x00000000e0000000,0x00000000e8180000,0x00000000e8180000)
  from space 11264K, 98% used [0x00000000e9f80000,0x00000000eaa5f3a8,0x00000000eaa80000)
  to   space 19456K, 0% used [0x00000000e8480000,0x00000000e8480000,0x00000000e9780000)
 ParOldGen       total 293888K, used 34648K [0x00000000a0000000, 0x00000000b1f00000, 0x00000000e0000000)
  object space 293888K, 11% used [0x00000000a0000000,0x00000000a21d63e8,0x00000000b1f00000)
 Metaspace       used 64682K, capacity 67066K, committed 67328K, reserved 1107968K
  class space    used 8690K, capacity 9184K, committed 9216K, reserved 1048576K
Event: 9.777 GC heap after
Heap after GC invocations=14 (full 3):
 PSYoungGen      total 155136K, used 19435K [0x00000000e0000000, 0x00000000ebc00000, 0x0000000100000000)
  eden space 135680K, 0% used [0x00000000e0000000,0x00000000e0000000,0x00000000e8480000)
  from space 19456K, 99% used [0x00000000e8480000,0x00000000e977ad78,0x00000000e9780000)
  to   space 22016K, 0% used [0x00000000ea680000,0x00000000ea680000,0x00000000ebc00000)
 ParOldGen       total 293888K, used 36644K [0x00000000a0000000, 0x00000000b1f00000, 0x00000000e0000000)
  object space 293888K, 12% used [0x00000000a0000000,0x00000000a23c9050,0x00000000b1f00000)
 Metaspace       used 64682K, capacity 67066K, committed 67328K, reserved 1107968K
  class space    used 8690K, capacity 9184K, committed 9216K, reserved 1048576K
}
Event: 11.930 GC heap before
{Heap before GC invocations=15 (full 3):
 PSYoungGen      total 155136K, used 108851K [0x00000000e0000000, 0x00000000ebc00000, 0x0000000100000000)
  eden space 135680K, 65% used [0x00000000e0000000,0x00000000e5751f28,0x00000000e8480000)
  from space 19456K, 99% used [0x00000000e8480000,0x00000000e977ad78,0x00000000e9780000)
  to   space 22016K, 0% used [0x00000000ea680000,0x00000000ea680000,0x00000000ebc00000)
 ParOldGen       total 293888K, used 36644K [0x00000000a0000000, 0x00000000b1f00000, 0x00000000e0000000)
  object space 293888K, 12% used [0x00000000a0000000,0x00000000a23c9050,0x00000000b1f00000)
 Metaspace       used 71474K, capacity 74510K, committed 74624K, reserved 1122304K
  class space    used 9717K, capacity 10350K, committed 10368K, reserved 1048576K
Event: 11.953 GC heap after
Heap after GC invocations=15 (full 3):
 PSYoungGen      total 157696K, used 22006K [0x00000000e0000000, 0x00000000ebc00000, 0x0000000100000000)
  eden space 135680K, 0% used [0x00000000e0000000,0x00000000e0000000,0x00000000e8480000)
  from space 22016K, 99% used [0x00000000ea680000,0x00000000ebbfdba8,0x00000000ebc00000)
  to   space 19456K, 0% used [0x00000000e8480000,0x00000000e8480000,0x00000000e9780000)
 ParOldGen       total 293888K, used 41427K [0x00000000a0000000, 0x00000000b1f00000, 0x00000000e0000000)
  object space 293888K, 14% used [0x00000000a0000000,0x00000000a2874f10,0x00000000b1f00000)
 Metaspace       used 71474K, capacity 74510K, committed 74624K, reserved 1122304K
  class space    used 9717K, capacity 10350K, committed 10368K, reserved 1048576K
}
Event: 11.953 GC heap before
{Heap before GC invocations=16 (full 4):
 PSYoungGen      total 157696K, used 22006K [0x00000000e0000000, 0x00000000ebc00000, 0x0000000100000000)
  eden space 135680K, 0% used [0x00000000e0000000,0x00000000e0000000,0x00000000e8480000)
  from space 22016K, 99% used [0x00000000ea680000,0x00000000ebbfdba8,0x00000000ebc00000)
  to   space 19456K, 0% used [0x00000000e8480000,0x00000000e8480000,0x00000000e9780000)
 ParOldGen       total 293888K, used 41427K [0x00000000a0000000, 0x00000000b1f00000, 0x00000000e0000000)
  object space 293888K, 14% used [0x00000000a0000000,0x00000000a2874f10,0x00000000b1f00000)
 Metaspace       used 71474K, capacity 74510K, committed 74624K, reserved 1122304K
  class space    used 9717K, capacity 10350K, committed 10368K, reserved 1048576K
Event: 12.143 GC heap after
Heap after GC invocations=16 (full 4):
 PSYoungGen      total 157696K, used 0K [0x00000000e0000000, 0x00000000ebc00000, 0x0000000100000000)
  eden space 135680K, 0% used [0x00000000e0000000,0x00000000e0000000,0x00000000e8480000)
  from space 22016K, 0% used [0x00000000ea680000,0x00000000ea680000,0x00000000ebc00000)
  to   space 19456K, 0% used [0x00000000e8480000,0x00000000e8480000,0x00000000e9780000)
 ParOldGen       total 293888K, used 48139K [0x00000000a0000000, 0x00000000b1f00000, 0x00000000e0000000)
  object space 293888K, 16% used [0x00000000a0000000,0x00000000a2f02e68,0x00000000b1f00000)
 Metaspace       used 71031K, capacity 73338K, committed 74624K, reserved 1118208K
  class space    used 9570K, capacity 10092K, committed 10368K, reserved 1048576K
}
Event: 12.350 GC heap before
{Heap before GC invocations=17 (full 4):
 PSYoungGen      total 157696K, used 26401K [0x00000000e0000000, 0x00000000ebc00000, 0x0000000100000000)
  eden space 135680K, 19% used [0x00000000e0000000,0x00000000e19c8598,0x00000000e8480000)
  from space 22016K, 0% used [0x00000000ea680000,0x00000000ea680000,0x00000000ebc00000)
  to   space 19456K, 0% used [0x00000000e8480000,0x00000000e8480000,0x00000000e9780000)
 ParOldGen       total 293888K, used 48139K [0x00000000a0000000, 0x00000000b1f00000, 0x00000000e0000000)
  object space 293888K, 16% used [0x00000000a0000000,0x00000000a2f02e68,0x00000000b1f00000)
 Metaspace       used 72372K, capacity 74810K, committed 75776K, reserved 1132544K
  class space    used 9768K, capacity 10284K, committed 10496K, reserved 1048576K
Event: 12.363 GC heap after
Heap after GC invocations=17 (full 4):
 PSYoungGen      total 155136K, used 2192K [0x00000000e0000000, 0x00000000ebc00000, 0x0000000100000000)
  eden space 135680K, 0% used [0x00000000e0000000,0x00000000e0000000,0x00000000e8480000)
  from space 19456K, 11% used [0x00000000e8480000,0x00000000e86a4010,0x00000000e9780000)
  to   space 22016K, 0% used [0x00000000ea680000,0x00000000ea680000,0x00000000ebc00000)
 ParOldGen       total 293888K, used 48139K [0x00000000a0000000, 0x00000000b1f00000, 0x00000000e0000000)
  object space 293888K, 16% used [0x00000000a0000000,0x00000000a2f02e68,0x00000000b1f00000)
 Metaspace       used 72372K, capacity 74810K, committed 75776K, reserved 1132544K
  class space    used 9768K, capacity 10284K, committed 10496K, reserved 1048576K
}
Event: 12.363 GC heap before
{Heap before GC invocations=18 (full 5):
 PSYoungGen      total 155136K, used 2192K [0x00000000e0000000, 0x00000000ebc00000, 0x0000000100000000)
  eden space 135680K, 0% used [0x00000000e0000000,0x00000000e0000000,0x00000000e8480000)
  from space 19456K, 11% used [0x00000000e8480000,0x00000000e86a4010,0x00000000e9780000)
  to   space 22016K, 0% used [0x00000000ea680000,0x00000000ea680000,0x00000000ebc00000)
 ParOldGen       total 293888K, used 48139K [0x00000000a0000000, 0x00000000b1f00000, 0x00000000e0000000)
  object space 293888K, 16% used [0x00000000a0000000,0x00000000a2f02e68,0x00000000b1f00000)
 Metaspace       used 72372K, capacity 74810K, committed 75776K, reserved 1132544K
  class space    used 9768K, capacity 10284K, committed 10496K, reserved 1048576K
Event: 12.511 GC heap after
Heap after GC invocations=18 (full 5):
 PSYoungGen      total 155136K, used 0K [0x00000000e0000000, 0x00000000ebc00000, 0x0000000100000000)
  eden space 135680K, 0% used [0x00000000e0000000,0x00000000e0000000,0x00000000e8480000)
  from space 19456K, 0% used [0x00000000e8480000,0x00000000e8480000,0x00000000e9780000)
  to   space 22016K, 0% used [0x00000000ea680000,0x00000000ea680000,0x00000000ebc00000)
 ParOldGen       total 293888K, used 45155K [0x00000000a0000000, 0x00000000b1f00000, 0x00000000e0000000)
  object space 293888K, 15% used [0x00000000a0000000,0x00000000a2c18e20,0x00000000b1f00000)
 Metaspace       used 72355K, capacity 74766K, committed 75776K, reserved 1124352K
  class space    used 9762K, capacity 10274K, committed 10496K, reserved 1048576K
}

